<?xml version="1.0" encoding="UTF-8"?>
<robot generator="Robot 7.2.2 (Python 3.13.2 on darwin)" generated="2025-02-19T20:53:50.199089" rpa="false" schemaversion="5">
<suite id="s1" name="Tests" source="/Users/daniloamedeiros/Desktop/desafio-robot/tests">
<suite id="s1-s1" name="Backend" source="/Users/daniloamedeiros/Desktop/desafio-robot/tests/backend.robot">
<test id="s1-s1-t1" name="Validar Consulta de CEP Válido" line="9">
<kw name="Criar Sessão API" owner="backend_keywords">
<kw name="Create Session" owner="RequestsLibrary">
<msg time="2025-02-19T20:53:50.288550" level="INFO">Creating Session using : alias=viacep, url=https://viacep.com.br/ws, headers={},                     cookies={}, auth=None, timeout=None, proxies=None, verify=True,                     debug=0 </msg>
<arg>viacep</arg>
<arg>${BASE_URL}</arg>
<arg>verify=True</arg>
<doc>Create Session: create a HTTP session to a server</doc>
<status status="PASS" start="2025-02-19T20:53:50.288462" elapsed="0.000174"/>
</kw>
<status status="PASS" start="2025-02-19T20:53:50.288145" elapsed="0.000534"/>
</kw>
<kw name="Consultar CEP Válido" owner="backend_keywords">
<kw name="GET On Session" owner="RequestsLibrary">
<msg time="2025-02-19T20:53:50.664370" level="INFO">GET Request : url=https://viacep.com.br/ws/01001000/json 
 path_url=/ws/01001000/json 
 headers={'User-Agent': 'python-requests/2.32.3', 'Accept-Encoding': 'gzip, deflate', 'Accept': '*/*', 'Connection': 'keep-alive'} 
 body=None 
 </msg>
<msg time="2025-02-19T20:53:50.664749" level="INFO">GET Response : url=https://viacep.com.br/ws/01001000/json 
 status=200, reason=OK 
 headers={'Server': 'nginx/1.22.0', 'Date': 'Wed, 19 Feb 2025 23:53:50 GMT', 'Content-Type': 'application/json; charset=utf-8', 'Transfer-Encoding': 'chunked', 'Connection': 'keep-alive', 'Expires': 'Thu, 20 Feb 2025 00:53:50 GMT', 'Cache-Control': 'max-age=3600, public', 'Pragma': 'public', 'Access-Control-Allow-Origin': '*', 'Access-Control-Allow-Methods': 'GET', 'Access-Control-Allow-Headers': 'Content-Type, X-Request-With, X-Requested-By', 'Access-Control-Allow-Credentials': 'true', 'Access-Control-Max-Age': '86400'} 
 body={
  "cep": "01001-000",
  "logradouro": "Praça da Sé",
  "complemento": "lado ímpar",
  "unidade": "",
  "bairro": "Sé",
  "localidade": "São Paulo",
  "uf": "SP",
  "estado": "São Paulo",
  "regiao": "Sudeste",
  "ibge": "3550308",
  "gia": "1004",
  "ddd": "11",
  "siafi": "7107"
} 
 </msg>
<msg time="2025-02-19T20:53:50.665103" level="INFO">${response} = &lt;Response [200]&gt;</msg>
<var>${response}</var>
<arg>viacep</arg>
<arg>/${cep}/json</arg>
<doc>Sends a GET request on a previously created HTTP Session.</doc>
<status status="PASS" start="2025-02-19T20:53:50.288886" elapsed="0.376272"/>
</kw>
<kw name="Should Not Be Empty" owner="BuiltIn">
<msg time="2025-02-19T20:53:50.666812" level="INFO">Length is 290.</msg>
<arg>${response.content}</arg>
<arg>"Erro: Nenhuma resposta recebida da API"</arg>
<doc>Verifies that the given item is not empty.</doc>
<status status="PASS" start="2025-02-19T20:53:50.665570" elapsed="0.001331"/>
</kw>
<kw name="Evaluate" owner="BuiltIn">
<msg time="2025-02-19T20:53:50.667682" level="INFO">${json_response} = {'cep': '01001-000', 'logradouro': 'Praça da Sé', 'complemento': 'lado ímpar', 'unidade': '', 'bairro': 'Sé', 'localidade': 'São Paulo', 'uf': 'SP', 'estado': 'São Paulo', 'regiao': 'Sudeste', 'ibge':...</msg>
<var>${json_response}</var>
<arg>json.loads($response.content.decode('utf-8'))</arg>
<arg>json</arg>
<doc>Evaluates the given expression in Python and returns the result.</doc>
<status status="PASS" start="2025-02-19T20:53:50.667139" elapsed="0.000611"/>
</kw>
<kw name="Evaluate" owner="BuiltIn">
<msg time="2025-02-19T20:53:50.668150" level="INFO">${status_code} = 200</msg>
<var>${status_code}</var>
<arg>$response.status_code</arg>
<doc>Evaluates the given expression in Python and returns the result.</doc>
<status status="PASS" start="2025-02-19T20:53:50.667896" elapsed="0.000280"/>
</kw>
<kw name="Should Be Equal As Numbers" owner="BuiltIn">
<msg time="2025-02-19T20:53:50.668448" level="INFO">Argument types are:
&lt;class 'int'&gt;
&lt;class 'str'&gt;</msg>
<arg>${status_code}</arg>
<arg>200</arg>
<arg>"Erro: Status Code inesperado para CEP válido!"</arg>
<doc>Fails if objects are unequal after converting them to real numbers.</doc>
<status status="PASS" start="2025-02-19T20:53:50.668284" elapsed="0.000239"/>
</kw>
<kw name="Dictionary Should Contain Key" owner="Collections">
<arg>${json_response}</arg>
<arg>cep</arg>
<arg>"Erro: A resposta não contém a chave 'cep'"</arg>
<doc>Fails if ``key`` is not found from ``dictionary``.</doc>
<status status="PASS" start="2025-02-19T20:53:50.668628" elapsed="0.000202"/>
</kw>
<kw name="Dictionaries Should Be Equal" owner="Collections">
<arg>${json_response}</arg>
<arg>${JSON_CEP_VALIDO}</arg>
<arg>"Erro: O JSON de resposta não é o esperado!"</arg>
<doc>Fails if the given dictionaries are not equal.</doc>
<status status="PASS" start="2025-02-19T20:53:50.668924" elapsed="0.000199"/>
</kw>
<kw name="Log To Console" owner="BuiltIn">
<arg>\n Consulta bem-sucedida e JSON validado: ${json_response}</arg>
<doc>Logs the given message to the console.</doc>
<status status="PASS" start="2025-02-19T20:53:50.669240" elapsed="0.000263"/>
</kw>
<return>
<value>${json_response}</value>
<status status="PASS" start="2025-02-19T20:53:50.669583" elapsed="0.000118"/>
</return>
<kw name="Dictionaries Should Be Equal" owner="Collections">
<arg>${json_response}</arg>
<arg>&amp;{JSON_CEP_VALIDO}</arg>
<arg>"Erro: O JSON de resposta não é o esperado!"</arg>
<doc>Fails if the given dictionaries are not equal.</doc>
<status status="NOT RUN" start="2025-02-19T20:53:50.669832" elapsed="0.000035"/>
</kw>
<kw name="Log To Console" owner="BuiltIn">
<arg>\n Consulta bem-sucedida e JSON validado: ${json_response}</arg>
<doc>Logs the given message to the console.</doc>
<status status="NOT RUN" start="2025-02-19T20:53:50.669945" elapsed="0.000019"/>
</kw>
<return>
<value>${json_response}</value>
<status status="NOT RUN" start="2025-02-19T20:53:50.670002" elapsed="0.000024"/>
</return>
<msg time="2025-02-19T20:53:50.670200" level="INFO">${response} = {'cep': '01001-000', 'logradouro': 'Praça da Sé', 'complemento': 'lado ímpar', 'unidade': '', 'bairro': 'Sé', 'localidade': 'São Paulo', 'uf': 'SP', 'estado': 'São Paulo', 'regiao': 'Sudeste', 'ibge':...</msg>
<var>${response}</var>
<arg>${CEP_VALIDO}</arg>
<status status="PASS" start="2025-02-19T20:53:50.288782" elapsed="0.381442"/>
</kw>
<kw name="Should Not Be Empty" owner="BuiltIn">
<msg time="2025-02-19T20:53:50.670512" level="INFO">Length is 13.</msg>
<arg>${response}</arg>
<arg>"Erro: Nenhuma resposta foi retornada para CEP válido"</arg>
<doc>Verifies that the given item is not empty.</doc>
<status status="PASS" start="2025-02-19T20:53:50.670403" elapsed="0.000146"/>
</kw>
<status status="PASS" start="2025-02-19T20:53:50.287873" elapsed="0.382866"/>
</test>
<test id="s1-s1-t2" name="Validar Consulta de CEP Inválido" line="14">
<kw name="Criar Sessão API" owner="backend_keywords">
<kw name="Create Session" owner="RequestsLibrary">
<msg time="2025-02-19T20:53:50.673039" level="INFO">Creating Session using : alias=viacep, url=https://viacep.com.br/ws, headers={},                     cookies={}, auth=None, timeout=None, proxies=None, verify=True,                     debug=0 </msg>
<arg>viacep</arg>
<arg>${BASE_URL}</arg>
<arg>verify=True</arg>
<doc>Create Session: create a HTTP session to a server</doc>
<status status="PASS" start="2025-02-19T20:53:50.672785" elapsed="0.000467"/>
</kw>
<status status="PASS" start="2025-02-19T20:53:50.672361" elapsed="0.000988"/>
</kw>
<kw name="Consultar CEP Inválido" owner="backend_keywords">
<kw name="GET On Session" owner="RequestsLibrary">
<msg time="2025-02-19T20:53:51.056008" level="INFO">GET Request : url=https://viacep.com.br/ws/99999999/json 
 path_url=/ws/99999999/json 
 headers={'User-Agent': 'python-requests/2.32.3', 'Accept-Encoding': 'gzip, deflate', 'Accept': '*/*', 'Connection': 'keep-alive'} 
 body=None 
 </msg>
<msg time="2025-02-19T20:53:51.056380" level="INFO">GET Response : url=https://viacep.com.br/ws/99999999/json 
 status=200, reason=OK 
 headers={'Server': 'nginx/1.22.0', 'Date': 'Wed, 19 Feb 2025 23:53:51 GMT', 'Content-Type': 'application/json; charset=utf-8', 'Transfer-Encoding': 'chunked', 'Connection': 'keep-alive', 'Access-Control-Allow-Origin': '*', 'Access-Control-Allow-Methods': 'GET', 'Access-Control-Allow-Headers': 'Content-Type, X-Request-With, X-Requested-By', 'Access-Control-Allow-Credentials': 'true', 'Access-Control-Max-Age': '86400', 'Strict-Transport-Security': 'max-age=63072000'} 
 body={
  "erro": "true"
} 
 </msg>
<msg time="2025-02-19T20:53:51.057142" level="INFO">${response} = &lt;Response [200]&gt;</msg>
<var>${response}</var>
<arg>viacep</arg>
<arg>/${cep}/json</arg>
<doc>Sends a GET request on a previously created HTTP Session.</doc>
<status status="PASS" start="2025-02-19T20:53:50.673892" elapsed="0.383320"/>
</kw>
<kw name="Should Not Be Empty" owner="BuiltIn">
<msg time="2025-02-19T20:53:51.059174" level="INFO">Length is 20.</msg>
<arg>${response.content}</arg>
<arg>"Erro: Nenhuma resposta recebida da API"</arg>
<doc>Verifies that the given item is not empty.</doc>
<status status="PASS" start="2025-02-19T20:53:51.057718" elapsed="0.001544"/>
</kw>
<kw name="Evaluate" owner="BuiltIn">
<msg time="2025-02-19T20:53:51.060008" level="INFO">${json_response} = {'erro': 'true'}</msg>
<var>${json_response}</var>
<arg>json.loads($response.content)</arg>
<arg>json</arg>
<doc>Evaluates the given expression in Python and returns the result.</doc>
<status status="PASS" start="2025-02-19T20:53:51.059485" elapsed="0.000563"/>
</kw>
<kw name="Evaluate" owner="BuiltIn">
<msg time="2025-02-19T20:53:51.060509" level="INFO">${status_code} = 200</msg>
<var>${status_code}</var>
<arg>$response.status_code</arg>
<doc>Evaluates the given expression in Python and returns the result.</doc>
<status status="PASS" start="2025-02-19T20:53:51.060220" elapsed="0.000326"/>
</kw>
<kw name="Should Be Equal As Numbers" owner="BuiltIn">
<msg time="2025-02-19T20:53:51.060928" level="INFO">Argument types are:
&lt;class 'int'&gt;
&lt;class 'str'&gt;</msg>
<arg>${status_code}</arg>
<arg>200</arg>
<arg>"Erro: Status Code inesperado para CEP inválido!"</arg>
<doc>Fails if objects are unequal after converting them to real numbers.</doc>
<status status="PASS" start="2025-02-19T20:53:51.060712" elapsed="0.000302"/>
</kw>
<kw name="Create Dictionary" owner="BuiltIn">
<msg time="2025-02-19T20:53:51.061520" level="INFO">${json_esperado} = {'erro': 'true'}</msg>
<var>${json_esperado}</var>
<arg>erro=true</arg>
<doc>Creates and returns a dictionary based on the given ``items``.</doc>
<status status="PASS" start="2025-02-19T20:53:51.061214" elapsed="0.000345"/>
</kw>
<kw name="Dictionaries Should Be Equal" owner="Collections">
<arg>${json_response}</arg>
<arg>${json_esperado}</arg>
<arg>"Erro: O JSON retornado para CEP inválido não está correto!"</arg>
<doc>Fails if the given dictionaries are not equal.</doc>
<status status="PASS" start="2025-02-19T20:53:51.061705" elapsed="0.000261"/>
</kw>
<kw name="Log To Console" owner="BuiltIn">
<arg>\n CEP inválido tratado corretamente: ${cep}</arg>
<doc>Logs the given message to the console.</doc>
<status status="PASS" start="2025-02-19T20:53:51.062118" elapsed="0.000303"/>
</kw>
<return>
<value>${json_response}</value>
<status status="PASS" start="2025-02-19T20:53:51.062508" elapsed="0.000136"/>
</return>
<msg time="2025-02-19T20:53:51.063139" level="INFO">${response} = {'erro': 'true'}</msg>
<var>${response}</var>
<arg>${CEP_INVALIDO}</arg>
<status status="PASS" start="2025-02-19T20:53:50.673603" elapsed="0.389579"/>
</kw>
<kw name="Should Not Be Empty" owner="BuiltIn">
<msg time="2025-02-19T20:53:51.063655" level="INFO">Length is 1.</msg>
<arg>${response}</arg>
<arg>"Erro: Nenhuma resposta foi retornada para CEP inválido"</arg>
<doc>Verifies that the given item is not empty.</doc>
<status status="PASS" start="2025-02-19T20:53:51.063452" elapsed="0.000264"/>
</kw>
<status status="PASS" start="2025-02-19T20:53:50.671068" elapsed="0.392909"/>
</test>
<test id="s1-s1-t3" name="Validar CEP com Formato Incorreto" line="19">
<kw name="Criar Sessão API" owner="backend_keywords">
<kw name="Create Session" owner="RequestsLibrary">
<msg time="2025-02-19T20:53:51.065886" level="INFO">Creating Session using : alias=viacep, url=https://viacep.com.br/ws, headers={},                     cookies={}, auth=None, timeout=None, proxies=None, verify=True,                     debug=0 </msg>
<arg>viacep</arg>
<arg>${BASE_URL}</arg>
<arg>verify=True</arg>
<doc>Create Session: create a HTTP session to a server</doc>
<status status="PASS" start="2025-02-19T20:53:51.065580" elapsed="0.000606"/>
</kw>
<status status="PASS" start="2025-02-19T20:53:51.065056" elapsed="0.001241"/>
</kw>
<kw name="Consultar CEP com Formato Incorreto" owner="backend_keywords">
<kw name="Run Keyword And Expect Error" owner="BuiltIn">
<kw name="GET On Session" owner="RequestsLibrary">
<msg time="2025-02-19T20:53:51.439306" level="INFO">GET Request : url=https://viacep.com.br/ws/123/json 
 path_url=/ws/123/json 
 headers={'User-Agent': 'python-requests/2.32.3', 'Accept-Encoding': 'gzip, deflate', 'Accept': '*/*', 'Connection': 'keep-alive'} 
 body=None 
 </msg>
<msg time="2025-02-19T20:53:51.439463" level="INFO">GET Response : url=https://viacep.com.br/ws/123/json 
 status=400, reason=Bad Request 
 headers={'Server': 'nginx/1.22.0', 'Date': 'Wed, 19 Feb 2025 23:53:51 GMT', 'Content-Type': 'text/html; charset=utf-8', 'Content-Length': '494', 'Connection': 'close', 'ETag': '"6242f812-1ee"', 'Strict-Transport-Security': 'max-age=63072000'} 
 body=&lt;!DOCTYPE HTML&gt;
&lt;html lang="pt-br"&gt;

&lt;head&gt;
  &lt;title&gt;ViaCEP 400&lt;/title&gt;
  &lt;meta charset="utf-8" /&gt;
  &lt;style type="text/css"&gt;
      h1 {
          color: #555;
          text-align: center;
          font-size: 4em;
      }
      h2, h3 {
          color: #666;
          text-align: center;
          font-size: 3em;
      }
      h3 {
          font-size: 1.5em;
      }
  &lt;/style&gt;
&lt;/head&gt;

&lt;body&gt;
    &lt;h1&gt;Http 400&lt;/h1&gt;
    &lt;h3&gt;Verifique a URL&lt;/h3&gt;
    &lt;h3&gt;{Bad Request}&lt;/h3&gt;
&lt;/body&gt;

&lt;/html&gt;
 
 </msg>
<msg time="2025-02-19T20:53:51.439747" level="FAIL">HTTPError: 400 Client Error: Bad Request for url: https://viacep.com.br/ws/123/json</msg>
<arg>viacep</arg>
<arg>/${cep}/json</arg>
<doc>Sends a GET request on a previously created HTTP Session.</doc>
<status status="FAIL" start="2025-02-19T20:53:51.067194" elapsed="0.375847">HTTPError: 400 Client Error: Bad Request for url: https://viacep.com.br/ws/123/json</status>
</kw>
<msg time="2025-02-19T20:53:51.443607" level="INFO">${error_message} = HTTPError: 400 Client Error: Bad Request for url: https://viacep.com.br/ws/123/json</msg>
<var>${error_message}</var>
<arg>*400 Client Error*</arg>
<arg>GET On Session</arg>
<arg>viacep</arg>
<arg>/${cep}/json</arg>
<doc>Runs the keyword and checks that the expected error occurred.</doc>
<status status="PASS" start="2025-02-19T20:53:51.067011" elapsed="0.376650"/>
</kw>
<kw name="Should Contain" owner="BuiltIn">
<arg>${error_message}</arg>
<arg>400 Client Error</arg>
<arg>"Erro: A API não retornou erro 400 para um CEP com formato inválido!"</arg>
<doc>Fails if ``container`` does not contain ``item`` one or more times.</doc>
<status status="PASS" start="2025-02-19T20:53:51.443982" elapsed="0.000416"/>
</kw>
<kw name="Log To Console" owner="BuiltIn">
<arg>\n Formato de CEP inválido corretamente rejeitado: ${cep}</arg>
<doc>Logs the given message to the console.</doc>
<status status="PASS" start="2025-02-19T20:53:51.444566" elapsed="0.000263"/>
</kw>
<arg>${CEP_FORMATO_INCORRETO}</arg>
<status status="PASS" start="2025-02-19T20:53:51.066579" elapsed="0.378364"/>
</kw>
<status status="PASS" start="2025-02-19T20:53:51.064419" elapsed="0.380747"/>
</test>
<test id="s1-s1-t4" name="Validar CEP com Caracteres Especiais" line="23">
<kw name="Criar Sessão API" owner="backend_keywords">
<kw name="Create Session" owner="RequestsLibrary">
<msg time="2025-02-19T20:53:51.447041" level="INFO">Creating Session using : alias=viacep, url=https://viacep.com.br/ws, headers={},                     cookies={}, auth=None, timeout=None, proxies=None, verify=True,                     debug=0 </msg>
<arg>viacep</arg>
<arg>${BASE_URL}</arg>
<arg>verify=True</arg>
<doc>Create Session: create a HTTP session to a server</doc>
<status status="PASS" start="2025-02-19T20:53:51.446776" elapsed="0.000649"/>
</kw>
<status status="PASS" start="2025-02-19T20:53:51.446327" elapsed="0.001212"/>
</kw>
<kw name="Consultar CEP com Caracteres Especiais" owner="backend_keywords">
<kw name="Run Keyword And Expect Error" owner="BuiltIn">
<kw name="GET On Session" owner="RequestsLibrary">
<msg time="2025-02-19T20:53:51.815830" level="INFO">GET Request : url=https://viacep.com.br/ws/1234-@#$%25/json 
 path_url=/ws/1234-@ 
 headers={'User-Agent': 'python-requests/2.32.3', 'Accept-Encoding': 'gzip, deflate', 'Accept': '*/*', 'Connection': 'keep-alive'} 
 body=None 
 </msg>
<msg time="2025-02-19T20:53:51.816043" level="INFO">GET Response : url=https://viacep.com.br/ws/1234-@#$%25/json 
 status=400, reason=Bad Request 
 headers={'Server': 'nginx/1.22.0', 'Date': 'Wed, 19 Feb 2025 23:53:51 GMT', 'Content-Type': 'text/html; charset=utf-8', 'Content-Length': '494', 'Connection': 'close', 'ETag': '"6242f812-1ee"', 'Strict-Transport-Security': 'max-age=63072000'} 
 body=&lt;!DOCTYPE HTML&gt;
&lt;html lang="pt-br"&gt;

&lt;head&gt;
  &lt;title&gt;ViaCEP 400&lt;/title&gt;
  &lt;meta charset="utf-8" /&gt;
  &lt;style type="text/css"&gt;
      h1 {
          color: #555;
          text-align: center;
          font-size: 4em;
      }
      h2, h3 {
          color: #666;
          text-align: center;
          font-size: 3em;
      }
      h3 {
          font-size: 1.5em;
      }
  &lt;/style&gt;
&lt;/head&gt;

&lt;body&gt;
    &lt;h1&gt;Http 400&lt;/h1&gt;
    &lt;h3&gt;Verifique a URL&lt;/h3&gt;
    &lt;h3&gt;{Bad Request}&lt;/h3&gt;
&lt;/body&gt;

&lt;/html&gt;
 
 </msg>
<msg time="2025-02-19T20:53:51.816293" level="FAIL">HTTPError: 400 Client Error: Bad Request for url: https://viacep.com.br/ws/1234-@#$%25/json</msg>
<arg>viacep</arg>
<arg>/${cep}/json</arg>
<doc>Sends a GET request on a previously created HTTP Session.</doc>
<status status="FAIL" start="2025-02-19T20:53:51.448636" elapsed="0.369279">HTTPError: 400 Client Error: Bad Request for url: https://viacep.com.br/ws/1234-@#$%25/json</status>
</kw>
<msg time="2025-02-19T20:53:51.818227" level="INFO">${error_message} = HTTPError: 400 Client Error: Bad Request for url: https://viacep.com.br/ws/1234-@#$%25/json</msg>
<var>${error_message}</var>
<arg>*400 Client Error*</arg>
<arg>GET On Session</arg>
<arg>viacep</arg>
<arg>/${cep}/json</arg>
<doc>Runs the keyword and checks that the expected error occurred.</doc>
<status status="PASS" start="2025-02-19T20:53:51.448138" elapsed="0.370123"/>
</kw>
<kw name="Should Contain" owner="BuiltIn">
<arg>${error_message}</arg>
<arg>400 Client Error</arg>
<arg>"Erro: A API não retornou erro 400 para CEP com caracteres especiais!"</arg>
<doc>Fails if ``container`` does not contain ``item`` one or more times.</doc>
<status status="PASS" start="2025-02-19T20:53:51.818546" elapsed="0.000325"/>
</kw>
<kw name="Log To Console" owner="BuiltIn">
<arg>\n API corretamente rejeitou caracteres especiais em CEP: ${cep}</arg>
<doc>Logs the given message to the console.</doc>
<status status="PASS" start="2025-02-19T20:53:51.819042" elapsed="0.000319"/>
</kw>
<arg>${CEP_CARACTERES_ESPECIAIS}</arg>
<status status="PASS" start="2025-02-19T20:53:51.447764" elapsed="0.371711"/>
</kw>
<status status="PASS" start="2025-02-19T20:53:51.445597" elapsed="0.374192"/>
</test>
<status status="PASS" start="2025-02-19T20:53:50.209440" elapsed="1.611008"/>
</suite>
<suite id="s1-s2" name="Frontend" source="/Users/daniloamedeiros/Desktop/desafio-robot/tests/frontend.robot">
<test id="s1-s2-t1" name="Teste de Compra no Kabum" line="7">
<kw name="Abrir o Site Kabum" owner="frontend_keywords">
<kw name="Open Browser" owner="SeleniumLibrary">
<msg time="2025-02-19T20:53:51.840767" level="INFO">Opening browser 'chrome' to base url 'https://www.kabum.com.br'.</msg>
<arg>${URL_KABUM}</arg>
<arg>${BROWSER}</arg>
<doc>Opens a new browser instance to the optional ``url``.</doc>
<status status="PASS" start="2025-02-19T20:53:51.840590" elapsed="3.723226"/>
</kw>
<kw name="Maximize Browser Window" owner="SeleniumLibrary">
<doc>Maximizes current browser window.</doc>
<status status="PASS" start="2025-02-19T20:53:55.564709" elapsed="0.672908"/>
</kw>
<kw name="Wait Until Element Is Visible" owner="SeleniumLibrary">
<arg>${INPUT_BUSCA}</arg>
<arg>10s</arg>
<doc>Waits until the element ``locator`` is visible.</doc>
<status status="PASS" start="2025-02-19T20:53:56.237745" elapsed="0.013879"/>
</kw>
<status status="PASS" start="2025-02-19T20:53:51.840340" elapsed="4.411364"/>
</kw>
<kw name="Buscar Produto" owner="frontend_keywords">
<kw name="Input Text" owner="SeleniumLibrary">
<msg time="2025-02-19T20:53:56.252213" level="INFO">Typing text 'notebook' into text field 'id=input-busca'.</msg>
<arg>${INPUT_BUSCA}</arg>
<arg>${produto}</arg>
<doc>Types the given ``text`` into the text field identified by ``locator``.</doc>
<status status="PASS" start="2025-02-19T20:53:56.252090" elapsed="0.142143"/>
</kw>
<kw name="Press Keys" owner="SeleniumLibrary">
<msg time="2025-02-19T20:53:56.394932" level="INFO">Sending key(s) ('ENTER',) to id=input-busca element.</msg>
<msg time="2025-02-19T20:53:56.690777" level="INFO">Pressing special key ENTER to element.</msg>
<msg time="2025-02-19T20:53:56.690832" level="INFO">Releasing special key ENTER.</msg>
<arg>${INPUT_BUSCA}</arg>
<arg>ENTER</arg>
<doc>Simulates the user pressing key(s) to an element or on the active browser.</doc>
<status status="PASS" start="2025-02-19T20:53:56.394373" elapsed="2.686789"/>
</kw>
<kw name="Wait Until Element Is Visible" owner="SeleniumLibrary">
<arg>${XPATH_PRIMEIRO_PRODUTO}</arg>
<arg>10s</arg>
<doc>Waits until the element ``locator`` is visible.</doc>
<status status="PASS" start="2025-02-19T20:53:59.081306" elapsed="0.021265"/>
</kw>
<arg>${PRODUTO_PADRAO}</arg>
<status status="PASS" start="2025-02-19T20:53:56.251877" elapsed="2.850767"/>
</kw>
<kw name="Selecionar Primeiro Produto" owner="frontend_keywords">
<kw name="Run Keyword And Return Status" owner="BuiltIn">
<kw name="Element Should Be Visible" owner="SeleniumLibrary">
<msg time="2025-02-19T20:53:59.109973" level="INFO">Element 'id=onetrust-accept-btn-handler' is displayed.</msg>
<arg>id=onetrust-accept-btn-handler</arg>
<doc>Verifies that the element identified by ``locator`` is visible.</doc>
<status status="PASS" start="2025-02-19T20:53:59.103046" elapsed="0.006987"/>
</kw>
<msg time="2025-02-19T20:53:59.110121" level="INFO">${element_existe} = True</msg>
<var>${element_existe}</var>
<arg>Element Should Be Visible</arg>
<arg>id=onetrust-accept-btn-handler</arg>
<doc>Runs the given keyword with given arguments and returns the status as a Boolean value.</doc>
<status status="PASS" start="2025-02-19T20:53:59.102945" elapsed="0.007292"/>
</kw>
<kw name="Run Keyword If" owner="BuiltIn">
<kw name="Click Button" owner="SeleniumLibrary">
<msg time="2025-02-19T20:53:59.110927" level="INFO">Clicking button 'id=onetrust-accept-btn-handler'.</msg>
<arg>id=onetrust-accept-btn-handler</arg>
<doc>Clicks the button identified by ``locator``.</doc>
<status status="PASS" start="2025-02-19T20:53:59.110772" elapsed="0.085409"/>
</kw>
<arg>${element_existe}</arg>
<arg>Click Button</arg>
<arg>id=onetrust-accept-btn-handler</arg>
<doc>Runs the given keyword with the given arguments, if ``condition`` is true.</doc>
<status status="PASS" start="2025-02-19T20:53:59.110481" elapsed="0.085749"/>
</kw>
<kw name="Click Element" owner="SeleniumLibrary">
<msg time="2025-02-19T20:53:59.196420" level="INFO">Clicking element 'xpath=(//a[contains(@class, 'productLink')])[1]'.</msg>
<arg>${XPATH_PRIMEIRO_PRODUTO}</arg>
<doc>Click the element identified by ``locator``.</doc>
<status status="PASS" start="2025-02-19T20:53:59.196311" elapsed="2.418364"/>
</kw>
<kw name="Wait Until Element Is Visible" owner="SeleniumLibrary">
<arg>xpath=//h1[contains(@class, 'sc-')]</arg>
<doc>Waits until the element ``locator`` is visible.</doc>
<status status="PASS" start="2025-02-19T20:54:01.615039" elapsed="0.012814"/>
</kw>
<status status="PASS" start="2025-02-19T20:53:59.102781" elapsed="2.525139"/>
</kw>
<kw name="Capturar Dados do Produto" owner="frontend_keywords">
<kw name="Wait Until Element Is Visible" owner="SeleniumLibrary">
<arg>xpath=//div[contains(@class, 'col-purchase')]//h1</arg>
<arg>10s</arg>
<doc>Waits until the element ``locator`` is visible.</doc>
<status status="PASS" start="2025-02-19T20:54:01.628282" elapsed="0.008333"/>
</kw>
<kw name="Get Text" owner="SeleniumLibrary">
<msg time="2025-02-19T20:54:01.647548" level="INFO">${descricao} = MacBook Pro Apple 16", M3 Max, CPU 16 Núcleos, GPU 40 Núcleos, 48GB RAM, SSD 1TB, Preto espacial - MUW63BZ/A</msg>
<var>${descricao}</var>
<arg>xpath=//div[contains(@class, 'col-purchase')]//h1</arg>
<doc>Returns the text value of the element identified by ``locator``.</doc>
<status status="PASS" start="2025-02-19T20:54:01.636741" elapsed="0.010832"/>
</kw>
<kw name="Get Text" owner="SeleniumLibrary">
<msg time="2025-02-19T20:54:01.654986" level="INFO">${preco_pix} = R$ 29.999,99</msg>
<var>${preco_pix}</var>
<arg>xpath=//h4[contains(@class, 'finalPrice')]</arg>
<doc>Returns the text value of the element identified by ``locator``.</doc>
<status status="PASS" start="2025-02-19T20:54:01.647663" elapsed="0.007341"/>
</kw>
<kw name="Get Text" owner="SeleniumLibrary">
<msg time="2025-02-19T20:54:01.662546" level="INFO">${preco_cartao} = R$ 33.333,32</msg>
<var>${preco_cartao}</var>
<arg>xpath=//b[contains(@class, 'regularPrice')]</arg>
<doc>Returns the text value of the element identified by ``locator``.</doc>
<status status="PASS" start="2025-02-19T20:54:01.655076" elapsed="0.007489"/>
</kw>
<kw name="Run Keyword If" owner="BuiltIn">
<arg>'${descricao}' == ''</arg>
<arg>Fail</arg>
<arg>"Erro: A descrição do produto não foi capturada."</arg>
<doc>Runs the given keyword with the given arguments, if ``condition`` is true.</doc>
<status status="PASS" start="2025-02-19T20:54:01.662643" elapsed="0.000100"/>
</kw>
<kw name="Set Global Variable" owner="BuiltIn">
<msg time="2025-02-19T20:54:01.662878" level="INFO">${descricao} = MacBook Pro Apple 16", M3 Max, CPU 16 Núcleos, GPU 40 Núcleos, 48GB RAM, SSD 1TB, Preto espacial - MUW63BZ/A</msg>
<arg>${descricao}</arg>
<arg>${descricao}</arg>
<doc>Makes a variable available globally in all tests and suites.</doc>
<status status="PASS" start="2025-02-19T20:54:01.662790" elapsed="0.000104"/>
</kw>
<kw name="Set Global Variable" owner="BuiltIn">
<msg time="2025-02-19T20:54:01.662986" level="INFO">${preco_pix} = R$ 29.999,99</msg>
<arg>${preco_pix}</arg>
<arg>${preco_pix}</arg>
<doc>Makes a variable available globally in all tests and suites.</doc>
<status status="PASS" start="2025-02-19T20:54:01.662929" elapsed="0.000069"/>
</kw>
<kw name="Set Global Variable" owner="BuiltIn">
<msg time="2025-02-19T20:54:01.663086" level="INFO">${preco_cartao} = R$ 33.333,32</msg>
<arg>${preco_cartao}</arg>
<arg>${preco_cartao}</arg>
<doc>Makes a variable available globally in all tests and suites.</doc>
<status status="PASS" start="2025-02-19T20:54:01.663031" elapsed="0.000067"/>
</kw>
<status status="PASS" start="2025-02-19T20:54:01.628124" elapsed="0.034998"/>
</kw>
<kw name="Digitar CEP e Validar Frete" owner="frontend_keywords">
<kw name="Wait Until Element Is Visible" owner="SeleniumLibrary">
<arg>id=inputCalcularFrete</arg>
<arg>10s</arg>
<doc>Waits until the element ``locator`` is visible.</doc>
<status status="PASS" start="2025-02-19T20:54:01.663318" elapsed="0.006147"/>
</kw>
<kw name="Wait Until Element Is Enabled" owner="SeleniumLibrary">
<arg>id=inputCalcularFrete</arg>
<arg>5s</arg>
<doc>Waits until the element ``locator`` is enabled.</doc>
<status status="PASS" start="2025-02-19T20:54:01.669527" elapsed="0.007640"/>
</kw>
<kw name="Click Element" owner="SeleniumLibrary">
<msg time="2025-02-19T20:54:01.677336" level="INFO">Clicking element 'id=inputCalcularFrete'.</msg>
<arg>id=inputCalcularFrete</arg>
<doc>Click the element identified by ``locator``.</doc>
<status status="PASS" start="2025-02-19T20:54:01.677242" elapsed="0.031219"/>
</kw>
<kw name="Clear Element Text" owner="SeleniumLibrary">
<arg>id=inputCalcularFrete</arg>
<doc>Clears the value of the text-input-element identified by ``locator``.</doc>
<status status="PASS" start="2025-02-19T20:54:01.708566" elapsed="0.019498"/>
</kw>
<kw name="Input Text" owner="SeleniumLibrary">
<msg time="2025-02-19T20:54:01.728281" level="INFO">Typing text '01001000' into text field 'id=inputCalcularFrete'.</msg>
<arg>id=inputCalcularFrete</arg>
<arg>${cep}</arg>
<doc>Types the given ``text`` into the text field identified by ``locator``.</doc>
<status status="PASS" start="2025-02-19T20:54:01.728168" elapsed="0.053494"/>
</kw>
<kw name="Esperar e Clicar" owner="common_keywords">
<kw name="Wait Until Element Is Visible" owner="SeleniumLibrary">
<arg>${locator}</arg>
<arg>10s</arg>
<doc>Waits until the element ``locator`` is visible.</doc>
<status status="PASS" start="2025-02-19T20:54:01.781915" elapsed="0.006883"/>
</kw>
<kw name="Click Element" owner="SeleniumLibrary">
<msg time="2025-02-19T20:54:01.789005" level="INFO">Clicking element 'id=botaoCalcularFrete'.</msg>
<arg>${locator}</arg>
<doc>Click the element identified by ``locator``.</doc>
<status status="PASS" start="2025-02-19T20:54:01.788895" elapsed="0.061132"/>
</kw>
<arg>id=botaoCalcularFrete</arg>
<status status="PASS" start="2025-02-19T20:54:01.781775" elapsed="0.068310"/>
</kw>
<kw name="Wait Until Element Is Visible" owner="SeleniumLibrary">
<arg>id=listaOpcoesFrete</arg>
<arg>15s</arg>
<doc>Waits until the element ``locator`` is visible.</doc>
<status status="PASS" start="2025-02-19T20:54:01.850154" elapsed="0.633836"/>
</kw>
<arg>${CEP_VALIDO}</arg>
<status status="PASS" start="2025-02-19T20:54:01.663208" elapsed="0.820884"/>
</kw>
<kw name="Fechar Tela de Frete" owner="frontend_keywords">
<kw name="Esperar e Clicar" owner="common_keywords">
<kw name="Wait Until Element Is Visible" owner="SeleniumLibrary">
<arg>${locator}</arg>
<arg>10s</arg>
<doc>Waits until the element ``locator`` is visible.</doc>
<status status="PASS" start="2025-02-19T20:54:02.484598" elapsed="0.011195"/>
</kw>
<kw name="Click Element" owner="SeleniumLibrary">
<msg time="2025-02-19T20:54:02.496131" level="INFO">Clicking element 'xpath=//div[@role='dialog']//button[@aria-label='Fechar']'.</msg>
<arg>${locator}</arg>
<doc>Click the element identified by ``locator``.</doc>
<status status="PASS" start="2025-02-19T20:54:02.495957" elapsed="0.040704"/>
</kw>
<arg>xpath=//div[@role='dialog']//button[@aria-label='Fechar']</arg>
<status status="PASS" start="2025-02-19T20:54:02.484456" elapsed="0.052278"/>
</kw>
<status status="PASS" start="2025-02-19T20:54:02.484274" elapsed="0.052486"/>
</kw>
<kw name="Clicar em Comprar" owner="frontend_keywords">
<kw name="Esperar e Clicar" owner="common_keywords">
<kw name="Wait Until Element Is Visible" owner="SeleniumLibrary">
<arg>${locator}</arg>
<arg>10s</arg>
<doc>Waits until the element ``locator`` is visible.</doc>
<status status="PASS" start="2025-02-19T20:54:02.537145" elapsed="0.008613"/>
</kw>
<kw name="Click Element" owner="SeleniumLibrary">
<msg time="2025-02-19T20:54:02.545945" level="INFO">Clicking element 'xpath=//button[contains(text(),'COMPRAR')]'.</msg>
<arg>${locator}</arg>
<doc>Click the element identified by ``locator``.</doc>
<status status="PASS" start="2025-02-19T20:54:02.545847" elapsed="0.059094"/>
</kw>
<arg>xpath=//button[contains(text(),'COMPRAR')]</arg>
<status status="PASS" start="2025-02-19T20:54:02.537038" elapsed="0.067984"/>
</kw>
<status status="PASS" start="2025-02-19T20:54:02.536895" elapsed="0.068154"/>
</kw>
<kw name="Selecionar Garantia Estendida" owner="frontend_keywords">
<kw name="Esperar e Clicar" owner="common_keywords">
<kw name="Wait Until Element Is Visible" owner="SeleniumLibrary">
<arg>${locator}</arg>
<arg>10s</arg>
<doc>Waits until the element ``locator`` is visible.</doc>
<status status="PASS" start="2025-02-19T20:54:02.605439" elapsed="1.841999"/>
</kw>
<kw name="Click Element" owner="SeleniumLibrary">
<msg time="2025-02-19T20:54:04.447675" level="INFO">Clicking element 'xpath=//span[contains(text(),'12 Meses de garantia')]/parent::div/parent::div/preceding-sibling::input'.</msg>
<arg>${locator}</arg>
<doc>Click the element identified by ``locator``.</doc>
<status status="PASS" start="2025-02-19T20:54:04.447550" elapsed="0.037758"/>
</kw>
<arg>xpath=//span[contains(text(),'12 Meses de garantia')]/parent::div/parent::div/preceding-sibling::input</arg>
<status status="PASS" start="2025-02-19T20:54:02.605312" elapsed="1.880129"/>
</kw>
<status status="PASS" start="2025-02-19T20:54:02.605174" elapsed="1.880293"/>
</kw>
<kw name="Capturar Valores dos Serviços" owner="frontend_keywords">
<kw name="Wait Until Element Is Visible" owner="SeleniumLibrary">
<arg>xpath=//span[contains(text(),'Valor total dos serviços:')]/following-sibling::strong</arg>
<arg>10s</arg>
<doc>Waits until the element ``locator`` is visible.</doc>
<status status="PASS" start="2025-02-19T20:54:04.485714" elapsed="0.015449"/>
</kw>
<kw name="Get Text" owner="SeleniumLibrary">
<msg time="2025-02-19T20:54:04.507146" level="INFO">${total_servicos} = R$ 4.071,74</msg>
<var>${total_servicos}</var>
<arg>xpath=//span[contains(text(),'Valor total dos serviços:')]/following-sibling::strong</arg>
<doc>Returns the text value of the element identified by ``locator``.</doc>
<status status="PASS" start="2025-02-19T20:54:04.501253" elapsed="0.005912"/>
</kw>
<kw name="Strip String" owner="String">
<msg time="2025-02-19T20:54:04.507317" level="INFO">${total_servicos} = R$ 4.071,74</msg>
<var>${total_servicos}</var>
<arg>${total_servicos}</arg>
<doc>Remove leading and/or trailing whitespaces from the given string.</doc>
<status status="PASS" start="2025-02-19T20:54:04.507243" elapsed="0.000083"/>
</kw>
<kw name="Replace String" owner="String">
<msg time="2025-02-19T20:54:04.507620" level="INFO">${total_servicos} =  4.071,74</msg>
<var>${total_servicos}</var>
<arg>${total_servicos}</arg>
<arg>R$</arg>
<arg>${EMPTY}</arg>
<doc>Replaces ``search_for`` in the given ``string`` with ``replace_with``.</doc>
<status status="PASS" start="2025-02-19T20:54:04.507364" elapsed="0.000269"/>
</kw>
<kw name="Replace String" owner="String">
<msg time="2025-02-19T20:54:04.507870" level="INFO">${total_servicos} =  4071,74</msg>
<var>${total_servicos}</var>
<arg>${total_servicos}</arg>
<arg>.</arg>
<arg>${EMPTY}</arg>
<doc>Replaces ``search_for`` in the given ``string`` with ``replace_with``.</doc>
<status status="PASS" start="2025-02-19T20:54:04.507686" elapsed="0.000194"/>
</kw>
<kw name="Replace String" owner="String">
<msg time="2025-02-19T20:54:04.507968" level="INFO">${total_servicos} =  4071.74</msg>
<var>${total_servicos}</var>
<arg>${total_servicos}</arg>
<arg>,</arg>
<arg>.</arg>
<doc>Replaces ``search_for`` in the given ``string`` with ``replace_with``.</doc>
<status status="PASS" start="2025-02-19T20:54:04.507916" elapsed="0.000062"/>
</kw>
<kw name="Convert To Number" owner="BuiltIn">
<msg time="2025-02-19T20:54:04.508106" level="INFO">${total_servicos} = 4071.74</msg>
<var>${total_servicos}</var>
<arg>${total_servicos}</arg>
<doc>Converts the given item to a floating point number.</doc>
<status status="PASS" start="2025-02-19T20:54:04.508026" elapsed="0.000092"/>
</kw>
<kw name="Set Global Variable" owner="BuiltIn">
<msg time="2025-02-19T20:54:04.508237" level="INFO">${total_servicos} = 4071.74</msg>
<arg>${total_servicos}</arg>
<doc>Makes a variable available globally in all tests and suites.</doc>
<status status="PASS" start="2025-02-19T20:54:04.508167" elapsed="0.000084"/>
</kw>
<status status="PASS" start="2025-02-19T20:54:04.485586" elapsed="0.022690"/>
</kw>
<kw name="Ir para o Carrinho" owner="frontend_keywords">
<kw name="Esperar e Clicar" owner="common_keywords">
<kw name="Wait Until Element Is Visible" owner="SeleniumLibrary">
<arg>${locator}</arg>
<arg>10s</arg>
<doc>Waits until the element ``locator`` is visible.</doc>
<status status="PASS" start="2025-02-19T20:54:04.508581" elapsed="0.007088"/>
</kw>
<kw name="Click Element" owner="SeleniumLibrary">
<msg time="2025-02-19T20:54:04.515812" level="INFO">Clicking element 'xpath=//button[span[contains(text(),'Adicionar serviços')]]'.</msg>
<arg>${locator}</arg>
<doc>Click the element identified by ``locator``.</doc>
<status status="PASS" start="2025-02-19T20:54:04.515734" elapsed="2.425281"/>
</kw>
<arg>xpath=//button[span[contains(text(),'Adicionar serviços')]]</arg>
<status status="PASS" start="2025-02-19T20:54:04.508486" elapsed="2.432610"/>
</kw>
<status status="PASS" start="2025-02-19T20:54:04.508387" elapsed="2.432750"/>
</kw>
<kw name="Validar Produto no Carrinho" owner="frontend_keywords">
<kw name="Wait Until Element Is Visible" owner="SeleniumLibrary">
<arg>xpath=//a[contains(@class, 'productName') and contains(@class, 'productLink')]</arg>
<arg>10s</arg>
<doc>Waits until the element ``locator`` is visible.</doc>
<status status="PASS" start="2025-02-19T20:54:06.941476" elapsed="0.018841"/>
</kw>
<kw name="Get Text" owner="SeleniumLibrary">
<msg time="2025-02-19T20:54:06.969328" level="INFO">${descricao_carrinho} = MacBook Pro Apple 16", M3 Max, CPU 16 Núcleos, GPU 40 Núcleos, 48GB RAM, SSD 1TB, Preto espacial - MUW63BZ/A</msg>
<var>${descricao_carrinho}</var>
<arg>xpath=//a[contains(@class, 'productName') and contains(@class, 'productLink')]</arg>
<doc>Returns the text value of the element identified by ``locator``.</doc>
<status status="PASS" start="2025-02-19T20:54:06.960507" elapsed="0.008847"/>
</kw>
<kw name="Get Text" owner="SeleniumLibrary">
<msg time="2025-02-19T20:54:06.977703" level="INFO">${preco_pix_carrinho} = R$ 29.999,99</msg>
<var>${preco_pix_carrinho}</var>
<arg>xpath=//div[contains(@class, 'InCashPrice-styles__Container')]//p[contains(@class, 'InCashPrice-styles__Price')]</arg>
<doc>Returns the text value of the element identified by ``locator``.</doc>
<status status="PASS" start="2025-02-19T20:54:06.969448" elapsed="0.008274"/>
</kw>
<kw name="Get Text" owner="SeleniumLibrary">
<msg time="2025-02-19T20:54:06.984660" level="INFO">${preco_cartao_carrinho} = R$ 33.333,32</msg>
<var>${preco_cartao_carrinho}</var>
<arg>xpath=//div[@id='valorDosProdutos']/b</arg>
<doc>Returns the text value of the element identified by ``locator``.</doc>
<status status="PASS" start="2025-02-19T20:54:06.977796" elapsed="0.006879"/>
</kw>
<kw name="Should Be Equal As Strings" owner="BuiltIn">
<arg>${descricao}</arg>
<arg>${descricao_carrinho}</arg>
<doc>Fails if objects are unequal after converting them to strings.</doc>
<status status="PASS" start="2025-02-19T20:54:06.984740" elapsed="0.000090"/>
</kw>
<kw name="Should Be Equal As Strings" owner="BuiltIn">
<arg>${preco_pix}</arg>
<arg>${preco_pix_carrinho}</arg>
<doc>Fails if objects are unequal after converting them to strings.</doc>
<status status="PASS" start="2025-02-19T20:54:06.984872" elapsed="0.000058"/>
</kw>
<kw name="Should Be Equal As Strings" owner="BuiltIn">
<arg>${preco_cartao}</arg>
<arg>${preco_cartao_carrinho}</arg>
<doc>Fails if objects are unequal after converting them to strings.</doc>
<status status="PASS" start="2025-02-19T20:54:06.984976" elapsed="0.000121"/>
</kw>
<status status="PASS" start="2025-02-19T20:54:06.941301" elapsed="0.043836"/>
</kw>
<kw name="Validar Serviços no Carrinho" owner="frontend_keywords">
<kw name="Wait Until Element Is Visible" owner="SeleniumLibrary">
<arg>xpath=//div[@id='servicosAdicionais']/b</arg>
<arg>10s</arg>
<doc>Waits until the element ``locator`` is visible.</doc>
<status status="PASS" start="2025-02-19T20:54:06.985344" elapsed="0.006221"/>
</kw>
<kw name="Get Text" owner="SeleniumLibrary">
<msg time="2025-02-19T20:54:06.996912" level="INFO">${total_servicos_carrinho} = R$ 4.071,74</msg>
<var>${total_servicos_carrinho}</var>
<arg>xpath=//div[@id='servicosAdicionais']/b</arg>
<doc>Returns the text value of the element identified by ``locator``.</doc>
<status status="PASS" start="2025-02-19T20:54:06.991637" elapsed="0.005289"/>
</kw>
<kw name="Strip String" owner="String">
<msg time="2025-02-19T20:54:06.997043" level="INFO">${total_servicos_carrinho} = R$ 4.071,74</msg>
<var>${total_servicos_carrinho}</var>
<arg>${total_servicos_carrinho}</arg>
<doc>Remove leading and/or trailing whitespaces from the given string.</doc>
<status status="PASS" start="2025-02-19T20:54:06.996977" elapsed="0.000077"/>
</kw>
<kw name="Replace String" owner="String">
<msg time="2025-02-19T20:54:06.997359" level="INFO">${total_servicos_carrinho} =  4.071,74</msg>
<var>${total_servicos_carrinho}</var>
<arg>${total_servicos_carrinho}</arg>
<arg>R$</arg>
<arg>${EMPTY}</arg>
<doc>Replaces ``search_for`` in the given ``string`` with ``replace_with``.</doc>
<status status="PASS" start="2025-02-19T20:54:06.997144" elapsed="0.000225"/>
</kw>
<kw name="Replace String" owner="String">
<msg time="2025-02-19T20:54:06.997582" level="INFO">${total_servicos_carrinho} =  4071,74</msg>
<var>${total_servicos_carrinho}</var>
<arg>${total_servicos_carrinho}</arg>
<arg>.</arg>
<arg>${EMPTY}</arg>
<doc>Replaces ``search_for`` in the given ``string`` with ``replace_with``.</doc>
<status status="PASS" start="2025-02-19T20:54:06.997409" elapsed="0.000182"/>
</kw>
<kw name="Replace String" owner="String">
<msg time="2025-02-19T20:54:06.997682" level="INFO">${total_servicos_carrinho} =  4071.74</msg>
<var>${total_servicos_carrinho}</var>
<arg>${total_servicos_carrinho}</arg>
<arg>,</arg>
<arg>.</arg>
<doc>Replaces ``search_for`` in the given ``string`` with ``replace_with``.</doc>
<status status="PASS" start="2025-02-19T20:54:06.997629" elapsed="0.000063"/>
</kw>
<kw name="Convert To Number" owner="BuiltIn">
<msg time="2025-02-19T20:54:06.997797" level="INFO">${total_servicos_carrinho} = 4071.74</msg>
<var>${total_servicos_carrinho}</var>
<arg>${total_servicos_carrinho}</arg>
<doc>Converts the given item to a floating point number.</doc>
<status status="PASS" start="2025-02-19T20:54:06.997730" elapsed="0.000076"/>
</kw>
<kw name="Should Be Equal As Numbers" owner="BuiltIn">
<arg>${total_servicos}</arg>
<arg>${total_servicos_carrinho}</arg>
<doc>Fails if objects are unequal after converting them to real numbers.</doc>
<status status="PASS" start="2025-02-19T20:54:06.997856" elapsed="0.000063"/>
</kw>
<status status="PASS" start="2025-02-19T20:54:06.985239" elapsed="0.012709"/>
</kw>
<kw name="Exibir Resumo Final" owner="frontend_keywords">
<kw name="Log To Console" owner="BuiltIn">
<arg>"\n"</arg>
<doc>Logs the given message to the console.</doc>
<status status="PASS" start="2025-02-19T20:54:06.998118" elapsed="0.000054"/>
</kw>
<kw name="Log To Console" owner="BuiltIn">
<arg>"==============================================="</arg>
<doc>Logs the given message to the console.</doc>
<status status="PASS" start="2025-02-19T20:54:06.998210" elapsed="0.000050"/>
</kw>
<kw name="Log To Console" owner="BuiltIn">
<arg>"-------------RESUMO FINAL DA COMPRA------------"</arg>
<doc>Logs the given message to the console.</doc>
<status status="PASS" start="2025-02-19T20:54:06.998296" elapsed="0.000036"/>
</kw>
<kw name="Log To Console" owner="BuiltIn">
<arg>"==============================================="</arg>
<doc>Logs the given message to the console.</doc>
<status status="PASS" start="2025-02-19T20:54:06.998368" elapsed="0.000036"/>
</kw>
<kw name="Log To Console" owner="BuiltIn">
<arg>Produto Selecionado:\n ${descricao}</arg>
<doc>Logs the given message to the console.</doc>
<status status="PASS" start="2025-02-19T20:54:06.998439" elapsed="0.000051"/>
</kw>
<kw name="Log To Console" owner="BuiltIn">
<arg>Valor no PIX: &gt;&gt;&gt; ${preco_pix}</arg>
<doc>Logs the given message to the console.</doc>
<status status="PASS" start="2025-02-19T20:54:06.998531" elapsed="0.000046"/>
</kw>
<kw name="Log To Console" owner="BuiltIn">
<arg>Valor no Cartão: &gt;&gt;&gt; ${preco_cartao}</arg>
<doc>Logs the given message to the console.</doc>
<status status="PASS" start="2025-02-19T20:54:06.998614" elapsed="0.000045"/>
</kw>
<kw name="Log To Console" owner="BuiltIn">
<arg>Valor total dos Serviços: &gt;&gt;&gt; ${total_servicos}</arg>
<doc>Logs the given message to the console.</doc>
<status status="PASS" start="2025-02-19T20:54:06.998696" elapsed="0.000045"/>
</kw>
<status status="PASS" start="2025-02-19T20:54:06.998032" elapsed="0.000733"/>
</kw>
<status status="PASS" start="2025-02-19T20:53:51.840028" elapsed="15.158792"/>
</test>
<status status="PASS" start="2025-02-19T20:53:51.821204" elapsed="15.177750"/>
</suite>
<status status="PASS" start="2025-02-19T20:53:50.199527" elapsed="16.799637"/>
</suite>
<statistics>
<total>
<stat pass="5" fail="0" skip="0">All Tests</stat>
</total>
<tag>
</tag>
<suite>
<stat name="Tests" id="s1" pass="5" fail="0" skip="0">Tests</stat>
<stat name="Backend" id="s1-s1" pass="4" fail="0" skip="0">Tests.Backend</stat>
<stat name="Frontend" id="s1-s2" pass="1" fail="0" skip="0">Tests.Frontend</stat>
</suite>
</statistics>
<errors>
</errors>
</robot>
