<?xml version="1.0" encoding="UTF-8"?>
<robot generator="Robot 7.2.2 (Python 3.13.2 on darwin)" generated="2025-02-19T20:55:07.980612" rpa="false" schemaversion="5">
<suite id="s1" name="Tests" source="/Users/daniloamedeiros/Desktop/desafio-robot/tests">
<suite id="s1-s1" name="Backend" source="/Users/daniloamedeiros/Desktop/desafio-robot/tests/backend.robot">
<test id="s1-s1-t1" name="Validar Consulta de CEP Válido" line="9">
<kw name="Criar Sessão API" owner="backend_keywords">
<kw name="Create Session" owner="RequestsLibrary">
<msg time="2025-02-19T20:55:08.069803" level="INFO">Creating Session using : alias=viacep, url=https://viacep.com.br/ws, headers={},                     cookies={}, auth=None, timeout=None, proxies=None, verify=True,                     debug=0 </msg>
<arg>viacep</arg>
<arg>${BASE_URL}</arg>
<arg>verify=True</arg>
<doc>Create Session: create a HTTP session to a server</doc>
<status status="PASS" start="2025-02-19T20:55:08.069717" elapsed="0.000187"/>
</kw>
<status status="PASS" start="2025-02-19T20:55:08.069420" elapsed="0.000526"/>
</kw>
<kw name="Consultar CEP Válido" owner="backend_keywords">
<kw name="GET On Session" owner="RequestsLibrary">
<msg time="2025-02-19T20:55:08.458755" level="INFO">GET Request : url=https://viacep.com.br/ws/01001000/json 
 path_url=/ws/01001000/json 
 headers={'User-Agent': 'python-requests/2.32.3', 'Accept-Encoding': 'gzip, deflate', 'Accept': '*/*', 'Connection': 'keep-alive'} 
 body=None 
 </msg>
<msg time="2025-02-19T20:55:08.459145" level="INFO">GET Response : url=https://viacep.com.br/ws/01001000/json 
 status=200, reason=OK 
 headers={'Server': 'nginx/1.22.0', 'Date': 'Wed, 19 Feb 2025 23:55:08 GMT', 'Content-Type': 'application/json; charset=utf-8', 'Transfer-Encoding': 'chunked', 'Connection': 'keep-alive', 'Expires': 'Thu, 20 Feb 2025 00:55:08 GMT', 'Cache-Control': 'max-age=3600, public', 'Pragma': 'public', 'Access-Control-Allow-Origin': '*', 'Access-Control-Allow-Methods': 'GET', 'Access-Control-Allow-Headers': 'Content-Type, X-Request-With, X-Requested-By', 'Access-Control-Allow-Credentials': 'true', 'Access-Control-Max-Age': '86400'} 
 body={
  "cep": "01001-000",
  "logradouro": "Praça da Sé",
  "complemento": "lado ímpar",
  "unidade": "",
  "bairro": "Sé",
  "localidade": "São Paulo",
  "uf": "SP",
  "estado": "São Paulo",
  "regiao": "Sudeste",
  "ibge": "3550308",
  "gia": "1004",
  "ddd": "11",
  "siafi": "7107"
} 
 </msg>
<msg time="2025-02-19T20:55:08.459505" level="INFO">${response} = &lt;Response [200]&gt;</msg>
<var>${response}</var>
<arg>viacep</arg>
<arg>/${cep}/json</arg>
<doc>Sends a GET request on a previously created HTTP Session.</doc>
<status status="PASS" start="2025-02-19T20:55:08.070141" elapsed="0.389440"/>
</kw>
<kw name="Should Not Be Empty" owner="BuiltIn">
<msg time="2025-02-19T20:55:08.461548" level="INFO">Length is 290.</msg>
<arg>${response.content}</arg>
<arg>"Erro: Nenhuma resposta recebida da API"</arg>
<doc>Verifies that the given item is not empty.</doc>
<status status="PASS" start="2025-02-19T20:55:08.460092" elapsed="0.001531"/>
</kw>
<kw name="Evaluate" owner="BuiltIn">
<msg time="2025-02-19T20:55:08.462225" level="INFO">${json_response} = {'cep': '01001-000', 'logradouro': 'Praça da Sé', 'complemento': 'lado ímpar', 'unidade': '', 'bairro': 'Sé', 'localidade': 'São Paulo', 'uf': 'SP', 'estado': 'São Paulo', 'regiao': 'Sudeste', 'ibge':...</msg>
<var>${json_response}</var>
<arg>json.loads($response.content.decode('utf-8'))</arg>
<arg>json</arg>
<doc>Evaluates the given expression in Python and returns the result.</doc>
<status status="PASS" start="2025-02-19T20:55:08.461816" elapsed="0.000433"/>
</kw>
<kw name="Evaluate" owner="BuiltIn">
<msg time="2025-02-19T20:55:08.462486" level="INFO">${status_code} = 200</msg>
<var>${status_code}</var>
<arg>$response.status_code</arg>
<doc>Evaluates the given expression in Python and returns the result.</doc>
<status status="PASS" start="2025-02-19T20:55:08.462336" elapsed="0.000173"/>
</kw>
<kw name="Should Be Equal As Numbers" owner="BuiltIn">
<msg time="2025-02-19T20:55:08.462715" level="INFO">Argument types are:
&lt;class 'int'&gt;
&lt;class 'str'&gt;</msg>
<arg>${status_code}</arg>
<arg>200</arg>
<arg>"Erro: Status Code inesperado para CEP válido!"</arg>
<doc>Fails if objects are unequal after converting them to real numbers.</doc>
<status status="PASS" start="2025-02-19T20:55:08.462596" elapsed="0.000178"/>
</kw>
<kw name="Dictionary Should Contain Key" owner="Collections">
<arg>${json_response}</arg>
<arg>cep</arg>
<arg>"Erro: A resposta não contém a chave 'cep'"</arg>
<doc>Fails if ``key`` is not found from ``dictionary``.</doc>
<status status="PASS" start="2025-02-19T20:55:08.462855" elapsed="0.000138"/>
</kw>
<kw name="Dictionaries Should Be Equal" owner="Collections">
<arg>${json_response}</arg>
<arg>${JSON_CEP_VALIDO}</arg>
<arg>"Erro: O JSON de resposta não é o esperado!"</arg>
<doc>Fails if the given dictionaries are not equal.</doc>
<status status="PASS" start="2025-02-19T20:55:08.463074" elapsed="0.000162"/>
</kw>
<kw name="Log To Console" owner="BuiltIn">
<arg>\n Consulta bem-sucedida e JSON validado: ${json_response}</arg>
<doc>Logs the given message to the console.</doc>
<status status="PASS" start="2025-02-19T20:55:08.463321" elapsed="0.000230"/>
</kw>
<return>
<value>${json_response}</value>
<status status="PASS" start="2025-02-19T20:55:08.463634" elapsed="0.000123"/>
</return>
<kw name="Dictionaries Should Be Equal" owner="Collections">
<arg>${json_response}</arg>
<arg>&amp;{JSON_CEP_VALIDO}</arg>
<arg>"Erro: O JSON de resposta não é o esperado!"</arg>
<doc>Fails if the given dictionaries are not equal.</doc>
<status status="NOT RUN" start="2025-02-19T20:55:08.463909" elapsed="0.000025"/>
</kw>
<kw name="Log To Console" owner="BuiltIn">
<arg>\n Consulta bem-sucedida e JSON validado: ${json_response}</arg>
<doc>Logs the given message to the console.</doc>
<status status="NOT RUN" start="2025-02-19T20:55:08.464053" elapsed="0.000024"/>
</kw>
<return>
<value>${json_response}</value>
<status status="NOT RUN" start="2025-02-19T20:55:08.464127" elapsed="0.000026"/>
</return>
<msg time="2025-02-19T20:55:08.464349" level="INFO">${response} = {'cep': '01001-000', 'logradouro': 'Praça da Sé', 'complemento': 'lado ímpar', 'unidade': '', 'bairro': 'Sé', 'localidade': 'São Paulo', 'uf': 'SP', 'estado': 'São Paulo', 'regiao': 'Sudeste', 'ibge':...</msg>
<var>${response}</var>
<arg>${CEP_VALIDO}</arg>
<status status="PASS" start="2025-02-19T20:55:08.070045" elapsed="0.394336"/>
</kw>
<kw name="Should Not Be Empty" owner="BuiltIn">
<msg time="2025-02-19T20:55:08.464786" level="INFO">Length is 13.</msg>
<arg>${response}</arg>
<arg>"Erro: Nenhuma resposta foi retornada para CEP válido"</arg>
<doc>Verifies that the given item is not empty.</doc>
<status status="PASS" start="2025-02-19T20:55:08.464594" elapsed="0.000256"/>
</kw>
<status status="PASS" start="2025-02-19T20:55:08.069142" elapsed="0.395929"/>
</test>
<test id="s1-s1-t2" name="Validar Consulta de CEP Inválido" line="14">
<kw name="Criar Sessão API" owner="backend_keywords">
<kw name="Create Session" owner="RequestsLibrary">
<msg time="2025-02-19T20:55:08.467304" level="INFO">Creating Session using : alias=viacep, url=https://viacep.com.br/ws, headers={},                     cookies={}, auth=None, timeout=None, proxies=None, verify=True,                     debug=0 </msg>
<arg>viacep</arg>
<arg>${BASE_URL}</arg>
<arg>verify=True</arg>
<doc>Create Session: create a HTTP session to a server</doc>
<status status="PASS" start="2025-02-19T20:55:08.467060" elapsed="0.000483"/>
</kw>
<status status="PASS" start="2025-02-19T20:55:08.466732" elapsed="0.000908"/>
</kw>
<kw name="Consultar CEP Inválido" owner="backend_keywords">
<kw name="GET On Session" owner="RequestsLibrary">
<msg time="2025-02-19T20:55:08.863180" level="INFO">GET Request : url=https://viacep.com.br/ws/99999999/json 
 path_url=/ws/99999999/json 
 headers={'User-Agent': 'python-requests/2.32.3', 'Accept-Encoding': 'gzip, deflate', 'Accept': '*/*', 'Connection': 'keep-alive'} 
 body=None 
 </msg>
<msg time="2025-02-19T20:55:08.863388" level="INFO">GET Response : url=https://viacep.com.br/ws/99999999/json 
 status=200, reason=OK 
 headers={'Server': 'nginx/1.22.0', 'Date': 'Wed, 19 Feb 2025 23:55:08 GMT', 'Content-Type': 'application/json; charset=utf-8', 'Transfer-Encoding': 'chunked', 'Connection': 'keep-alive', 'Access-Control-Allow-Origin': '*', 'Access-Control-Allow-Methods': 'GET', 'Access-Control-Allow-Headers': 'Content-Type, X-Request-With, X-Requested-By', 'Access-Control-Allow-Credentials': 'true', 'Access-Control-Max-Age': '86400', 'Strict-Transport-Security': 'max-age=63072000'} 
 body={
  "erro": "true"
} 
 </msg>
<msg time="2025-02-19T20:55:08.864282" level="INFO">${response} = &lt;Response [200]&gt;</msg>
<var>${response}</var>
<arg>viacep</arg>
<arg>/${cep}/json</arg>
<doc>Sends a GET request on a previously created HTTP Session.</doc>
<status status="PASS" start="2025-02-19T20:55:08.468231" elapsed="0.396104"/>
</kw>
<kw name="Should Not Be Empty" owner="BuiltIn">
<msg time="2025-02-19T20:55:08.865563" level="INFO">Length is 20.</msg>
<arg>${response.content}</arg>
<arg>"Erro: Nenhuma resposta recebida da API"</arg>
<doc>Verifies that the given item is not empty.</doc>
<status status="PASS" start="2025-02-19T20:55:08.864642" elapsed="0.000992"/>
</kw>
<kw name="Evaluate" owner="BuiltIn">
<msg time="2025-02-19T20:55:08.866203" level="INFO">${json_response} = {'erro': 'true'}</msg>
<var>${json_response}</var>
<arg>json.loads($response.content)</arg>
<arg>json</arg>
<doc>Evaluates the given expression in Python and returns the result.</doc>
<status status="PASS" start="2025-02-19T20:55:08.865810" elapsed="0.000425"/>
</kw>
<kw name="Evaluate" owner="BuiltIn">
<msg time="2025-02-19T20:55:08.866601" level="INFO">${status_code} = 200</msg>
<var>${status_code}</var>
<arg>$response.status_code</arg>
<doc>Evaluates the given expression in Python and returns the result.</doc>
<status status="PASS" start="2025-02-19T20:55:08.866382" elapsed="0.000247"/>
</kw>
<kw name="Should Be Equal As Numbers" owner="BuiltIn">
<msg time="2025-02-19T20:55:08.866902" level="INFO">Argument types are:
&lt;class 'int'&gt;
&lt;class 'str'&gt;</msg>
<arg>${status_code}</arg>
<arg>200</arg>
<arg>"Erro: Status Code inesperado para CEP inválido!"</arg>
<doc>Fails if objects are unequal after converting them to real numbers.</doc>
<status status="PASS" start="2025-02-19T20:55:08.866745" elapsed="0.000241"/>
</kw>
<kw name="Create Dictionary" owner="BuiltIn">
<msg time="2025-02-19T20:55:08.867466" level="INFO">${json_esperado} = {'erro': 'true'}</msg>
<var>${json_esperado}</var>
<arg>erro=true</arg>
<doc>Creates and returns a dictionary based on the given ``items``.</doc>
<status status="PASS" start="2025-02-19T20:55:08.867193" elapsed="0.000313"/>
</kw>
<kw name="Dictionaries Should Be Equal" owner="Collections">
<arg>${json_response}</arg>
<arg>${json_esperado}</arg>
<arg>"Erro: O JSON retornado para CEP inválido não está correto!"</arg>
<doc>Fails if the given dictionaries are not equal.</doc>
<status status="PASS" start="2025-02-19T20:55:08.867659" elapsed="0.000266"/>
</kw>
<kw name="Log To Console" owner="BuiltIn">
<arg>\n CEP inválido tratado corretamente: ${cep}</arg>
<doc>Logs the given message to the console.</doc>
<status status="PASS" start="2025-02-19T20:55:08.868072" elapsed="0.000243"/>
</kw>
<return>
<value>${json_response}</value>
<status status="PASS" start="2025-02-19T20:55:08.868398" elapsed="0.000082"/>
</return>
<msg time="2025-02-19T20:55:08.868679" level="INFO">${response} = {'erro': 'true'}</msg>
<var>${response}</var>
<arg>${CEP_INVALIDO}</arg>
<status status="PASS" start="2025-02-19T20:55:08.467909" elapsed="0.400806"/>
</kw>
<kw name="Should Not Be Empty" owner="BuiltIn">
<msg time="2025-02-19T20:55:08.869108" level="INFO">Length is 1.</msg>
<arg>${response}</arg>
<arg>"Erro: Nenhuma resposta foi retornada para CEP inválido"</arg>
<doc>Verifies that the given item is not empty.</doc>
<status status="PASS" start="2025-02-19T20:55:08.868925" elapsed="0.000242"/>
</kw>
<status status="PASS" start="2025-02-19T20:55:08.465406" elapsed="0.403989"/>
</test>
<test id="s1-s1-t3" name="Validar CEP com Formato Incorreto" line="19">
<kw name="Criar Sessão API" owner="backend_keywords">
<kw name="Create Session" owner="RequestsLibrary">
<msg time="2025-02-19T20:55:08.870873" level="INFO">Creating Session using : alias=viacep, url=https://viacep.com.br/ws, headers={},                     cookies={}, auth=None, timeout=None, proxies=None, verify=True,                     debug=0 </msg>
<arg>viacep</arg>
<arg>${BASE_URL}</arg>
<arg>verify=True</arg>
<doc>Create Session: create a HTTP session to a server</doc>
<status status="PASS" start="2025-02-19T20:55:08.870654" elapsed="0.000473"/>
</kw>
<status status="PASS" start="2025-02-19T20:55:08.870321" elapsed="0.000900"/>
</kw>
<kw name="Consultar CEP com Formato Incorreto" owner="backend_keywords">
<kw name="Run Keyword And Expect Error" owner="BuiltIn">
<kw name="GET On Session" owner="RequestsLibrary">
<msg time="2025-02-19T20:55:09.287914" level="INFO">GET Request : url=https://viacep.com.br/ws/123/json 
 path_url=/ws/123/json 
 headers={'User-Agent': 'python-requests/2.32.3', 'Accept-Encoding': 'gzip, deflate', 'Accept': '*/*', 'Connection': 'keep-alive'} 
 body=None 
 </msg>
<msg time="2025-02-19T20:55:09.288117" level="INFO">GET Response : url=https://viacep.com.br/ws/123/json 
 status=400, reason=Bad Request 
 headers={'Server': 'nginx/1.22.0', 'Date': 'Wed, 19 Feb 2025 23:55:09 GMT', 'Content-Type': 'text/html; charset=utf-8', 'Content-Length': '494', 'Connection': 'close', 'ETag': '"6242f812-1ee"', 'Strict-Transport-Security': 'max-age=63072000'} 
 body=&lt;!DOCTYPE HTML&gt;
&lt;html lang="pt-br"&gt;

&lt;head&gt;
  &lt;title&gt;ViaCEP 400&lt;/title&gt;
  &lt;meta charset="utf-8" /&gt;
  &lt;style type="text/css"&gt;
      h1 {
          color: #555;
          text-align: center;
          font-size: 4em;
      }
      h2, h3 {
          color: #666;
          text-align: center;
          font-size: 3em;
      }
      h3 {
          font-size: 1.5em;
      }
  &lt;/style&gt;
&lt;/head&gt;

&lt;body&gt;
    &lt;h1&gt;Http 400&lt;/h1&gt;
    &lt;h3&gt;Verifique a URL&lt;/h3&gt;
    &lt;h3&gt;{Bad Request}&lt;/h3&gt;
&lt;/body&gt;

&lt;/html&gt;
 
 </msg>
<msg time="2025-02-19T20:55:09.288460" level="FAIL">HTTPError: 400 Client Error: Bad Request for url: https://viacep.com.br/ws/123/json</msg>
<arg>viacep</arg>
<arg>/${cep}/json</arg>
<doc>Sends a GET request on a previously created HTTP Session.</doc>
<status status="FAIL" start="2025-02-19T20:55:08.872054" elapsed="0.421995">HTTPError: 400 Client Error: Bad Request for url: https://viacep.com.br/ws/123/json</status>
</kw>
<msg time="2025-02-19T20:55:09.294615" level="INFO">${error_message} = HTTPError: 400 Client Error: Bad Request for url: https://viacep.com.br/ws/123/json</msg>
<var>${error_message}</var>
<arg>*400 Client Error*</arg>
<arg>GET On Session</arg>
<arg>viacep</arg>
<arg>/${cep}/json</arg>
<doc>Runs the keyword and checks that the expected error occurred.</doc>
<status status="PASS" start="2025-02-19T20:55:08.871835" elapsed="0.422832"/>
</kw>
<kw name="Should Contain" owner="BuiltIn">
<arg>${error_message}</arg>
<arg>400 Client Error</arg>
<arg>"Erro: A API não retornou erro 400 para um CEP com formato inválido!"</arg>
<doc>Fails if ``container`` does not contain ``item`` one or more times.</doc>
<status status="PASS" start="2025-02-19T20:55:09.294981" elapsed="0.000341"/>
</kw>
<kw name="Log To Console" owner="BuiltIn">
<arg>\n Formato de CEP inválido corretamente rejeitado: ${cep}</arg>
<doc>Logs the given message to the console.</doc>
<status status="PASS" start="2025-02-19T20:55:09.295482" elapsed="0.000255"/>
</kw>
<arg>${CEP_FORMATO_INCORRETO}</arg>
<status status="PASS" start="2025-02-19T20:55:08.871449" elapsed="0.424381"/>
</kw>
<status status="PASS" start="2025-02-19T20:55:08.869760" elapsed="0.426272"/>
</test>
<test id="s1-s1-t4" name="Validar CEP com Caracteres Especiais" line="23">
<kw name="Criar Sessão API" owner="backend_keywords">
<kw name="Create Session" owner="RequestsLibrary">
<msg time="2025-02-19T20:55:09.297330" level="INFO">Creating Session using : alias=viacep, url=https://viacep.com.br/ws, headers={},                     cookies={}, auth=None, timeout=None, proxies=None, verify=True,                     debug=0 </msg>
<arg>viacep</arg>
<arg>${BASE_URL}</arg>
<arg>verify=True</arg>
<doc>Create Session: create a HTTP session to a server</doc>
<status status="PASS" start="2025-02-19T20:55:09.297133" elapsed="0.000534"/>
</kw>
<status status="PASS" start="2025-02-19T20:55:09.296803" elapsed="0.000936"/>
</kw>
<kw name="Consultar CEP com Caracteres Especiais" owner="backend_keywords">
<kw name="Run Keyword And Expect Error" owner="BuiltIn">
<kw name="GET On Session" owner="RequestsLibrary">
<msg time="2025-02-19T20:55:09.762455" level="INFO">GET Request : url=https://viacep.com.br/ws/1234-@#$%25/json 
 path_url=/ws/1234-@ 
 headers={'User-Agent': 'python-requests/2.32.3', 'Accept-Encoding': 'gzip, deflate', 'Accept': '*/*', 'Connection': 'keep-alive'} 
 body=None 
 </msg>
<msg time="2025-02-19T20:55:09.762666" level="INFO">GET Response : url=https://viacep.com.br/ws/1234-@#$%25/json 
 status=400, reason=Bad Request 
 headers={'Server': 'nginx/1.22.0', 'Date': 'Wed, 19 Feb 2025 23:55:09 GMT', 'Content-Type': 'text/html; charset=utf-8', 'Content-Length': '494', 'Connection': 'close', 'ETag': '"6242f812-1ee"', 'Strict-Transport-Security': 'max-age=63072000'} 
 body=&lt;!DOCTYPE HTML&gt;
&lt;html lang="pt-br"&gt;

&lt;head&gt;
  &lt;title&gt;ViaCEP 400&lt;/title&gt;
  &lt;meta charset="utf-8" /&gt;
  &lt;style type="text/css"&gt;
      h1 {
          color: #555;
          text-align: center;
          font-size: 4em;
      }
      h2, h3 {
          color: #666;
          text-align: center;
          font-size: 3em;
      }
      h3 {
          font-size: 1.5em;
      }
  &lt;/style&gt;
&lt;/head&gt;

&lt;body&gt;
    &lt;h1&gt;Http 400&lt;/h1&gt;
    &lt;h3&gt;Verifique a URL&lt;/h3&gt;
    &lt;h3&gt;{Bad Request}&lt;/h3&gt;
&lt;/body&gt;

&lt;/html&gt;
 
 </msg>
<msg time="2025-02-19T20:55:09.762936" level="FAIL">HTTPError: 400 Client Error: Bad Request for url: https://viacep.com.br/ws/1234-@#$%25/json</msg>
<arg>viacep</arg>
<arg>/${cep}/json</arg>
<doc>Sends a GET request on a previously created HTTP Session.</doc>
<status status="FAIL" start="2025-02-19T20:55:09.298632" elapsed="0.465966">HTTPError: 400 Client Error: Bad Request for url: https://viacep.com.br/ws/1234-@#$%25/json</status>
</kw>
<msg time="2025-02-19T20:55:09.764978" level="INFO">${error_message} = HTTPError: 400 Client Error: Bad Request for url: https://viacep.com.br/ws/1234-@#$%25/json</msg>
<var>${error_message}</var>
<arg>*400 Client Error*</arg>
<arg>GET On Session</arg>
<arg>viacep</arg>
<arg>/${cep}/json</arg>
<doc>Runs the keyword and checks that the expected error occurred.</doc>
<status status="PASS" start="2025-02-19T20:55:09.298368" elapsed="0.466659"/>
</kw>
<kw name="Should Contain" owner="BuiltIn">
<arg>${error_message}</arg>
<arg>400 Client Error</arg>
<arg>"Erro: A API não retornou erro 400 para CEP com caracteres especiais!"</arg>
<doc>Fails if ``container`` does not contain ``item`` one or more times.</doc>
<status status="PASS" start="2025-02-19T20:55:09.765341" elapsed="0.000382"/>
</kw>
<kw name="Log To Console" owner="BuiltIn">
<arg>\n API corretamente rejeitou caracteres especiais em CEP: ${cep}</arg>
<doc>Logs the given message to the console.</doc>
<status status="PASS" start="2025-02-19T20:55:09.765903" elapsed="0.000285"/>
</kw>
<arg>${CEP_CARACTERES_ESPECIAIS}</arg>
<status status="PASS" start="2025-02-19T20:55:09.297925" elapsed="0.468378"/>
</kw>
<status status="PASS" start="2025-02-19T20:55:09.296311" elapsed="0.470257"/>
</test>
<status status="PASS" start="2025-02-19T20:55:07.990640" elapsed="1.776775"/>
</suite>
<suite id="s1-s2" name="Frontend" source="/Users/daniloamedeiros/Desktop/desafio-robot/tests/frontend.robot">
<test id="s1-s2-t1" name="Teste de Compra no Kabum" line="7">
<kw name="Abrir o Site Kabum" owner="frontend_keywords">
<kw name="Open Browser" owner="SeleniumLibrary">
<msg time="2025-02-19T20:55:09.786961" level="INFO">Opening browser 'chrome' to base url 'https://www.kabum.com.br'.</msg>
<arg>${URL_KABUM}</arg>
<arg>${BROWSER}</arg>
<doc>Opens a new browser instance to the optional ``url``.</doc>
<status status="PASS" start="2025-02-19T20:55:09.786784" elapsed="9.497119"/>
</kw>
<kw name="Maximize Browser Window" owner="SeleniumLibrary">
<doc>Maximizes current browser window.</doc>
<status status="PASS" start="2025-02-19T20:55:19.284308" elapsed="0.151366"/>
</kw>
<kw name="Wait Until Element Is Visible" owner="SeleniumLibrary">
<arg>${INPUT_BUSCA}</arg>
<arg>10s</arg>
<doc>Waits until the element ``locator`` is visible.</doc>
<status status="PASS" start="2025-02-19T20:55:19.435816" elapsed="0.014077"/>
</kw>
<status status="PASS" start="2025-02-19T20:55:09.786536" elapsed="9.663429"/>
</kw>
<kw name="Buscar Produto" owner="frontend_keywords">
<kw name="Input Text" owner="SeleniumLibrary">
<msg time="2025-02-19T20:55:19.450434" level="INFO">Typing text 'notebook' into text field 'id=input-busca'.</msg>
<arg>${INPUT_BUSCA}</arg>
<arg>${produto}</arg>
<doc>Types the given ``text`` into the text field identified by ``locator``.</doc>
<status status="PASS" start="2025-02-19T20:55:19.450313" elapsed="0.115179"/>
</kw>
<kw name="Press Keys" owner="SeleniumLibrary">
<msg time="2025-02-19T20:55:19.565862" level="INFO">Sending key(s) ('ENTER',) to id=input-busca element.</msg>
<msg time="2025-02-19T20:55:24.876783" level="INFO">Pressing special key ENTER to element.</msg>
<msg time="2025-02-19T20:55:24.876886" level="INFO">Releasing special key ENTER.</msg>
<arg>${INPUT_BUSCA}</arg>
<arg>ENTER</arg>
<doc>Simulates the user pressing key(s) to an element or on the active browser.</doc>
<status status="PASS" start="2025-02-19T20:55:19.565617" elapsed="9.340389"/>
</kw>
<kw name="Wait Until Element Is Visible" owner="SeleniumLibrary">
<arg>${XPATH_PRIMEIRO_PRODUTO}</arg>
<arg>10s</arg>
<doc>Waits until the element ``locator`` is visible.</doc>
<status status="PASS" start="2025-02-19T20:55:28.906141" elapsed="0.014793"/>
</kw>
<arg>${PRODUTO_PADRAO}</arg>
<status status="PASS" start="2025-02-19T20:55:19.450128" elapsed="9.470881"/>
</kw>
<kw name="Selecionar Primeiro Produto" owner="frontend_keywords">
<kw name="Run Keyword And Return Status" owner="BuiltIn">
<kw name="Element Should Be Visible" owner="SeleniumLibrary">
<msg time="2025-02-19T20:55:28.929776" level="INFO">Element 'id=onetrust-accept-btn-handler' is displayed.</msg>
<arg>id=onetrust-accept-btn-handler</arg>
<doc>Verifies that the element identified by ``locator`` is visible.</doc>
<status status="PASS" start="2025-02-19T20:55:28.921423" elapsed="0.008406"/>
</kw>
<msg time="2025-02-19T20:55:28.929899" level="INFO">${element_existe} = True</msg>
<var>${element_existe}</var>
<arg>Element Should Be Visible</arg>
<arg>id=onetrust-accept-btn-handler</arg>
<doc>Runs the given keyword with given arguments and returns the status as a Boolean value.</doc>
<status status="PASS" start="2025-02-19T20:55:28.921315" elapsed="0.008595"/>
</kw>
<kw name="Run Keyword If" owner="BuiltIn">
<kw name="Click Button" owner="SeleniumLibrary">
<msg time="2025-02-19T20:55:28.930173" level="INFO">Clicking button 'id=onetrust-accept-btn-handler'.</msg>
<arg>id=onetrust-accept-btn-handler</arg>
<doc>Clicks the button identified by ``locator``.</doc>
<status status="PASS" start="2025-02-19T20:55:28.930094" elapsed="0.265900"/>
</kw>
<arg>${element_existe}</arg>
<arg>Click Button</arg>
<arg>id=onetrust-accept-btn-handler</arg>
<doc>Runs the given keyword with the given arguments, if ``condition`` is true.</doc>
<status status="PASS" start="2025-02-19T20:55:28.929986" elapsed="0.266074"/>
</kw>
<kw name="Click Element" owner="SeleniumLibrary">
<msg time="2025-02-19T20:55:29.196550" level="INFO">Clicking element 'xpath=(//a[contains(@class, 'productLink')])[1]'.</msg>
<arg>${XPATH_PRIMEIRO_PRODUTO}</arg>
<doc>Click the element identified by ``locator``.</doc>
<status status="PASS" start="2025-02-19T20:55:29.196200" elapsed="1.594757"/>
</kw>
<kw name="Wait Until Element Is Visible" owner="SeleniumLibrary">
<arg>xpath=//h1[contains(@class, 'sc-')]</arg>
<doc>Waits until the element ``locator`` is visible.</doc>
<status status="PASS" start="2025-02-19T20:55:30.791076" elapsed="0.012261"/>
</kw>
<status status="PASS" start="2025-02-19T20:55:28.921141" elapsed="1.882257"/>
</kw>
<kw name="Capturar Dados do Produto" owner="frontend_keywords">
<kw name="Wait Until Element Is Visible" owner="SeleniumLibrary">
<arg>xpath=//div[contains(@class, 'col-purchase')]//h1</arg>
<arg>10s</arg>
<doc>Waits until the element ``locator`` is visible.</doc>
<status status="PASS" start="2025-02-19T20:55:30.803731" elapsed="0.007624"/>
</kw>
<kw name="Get Text" owner="SeleniumLibrary">
<msg time="2025-02-19T20:55:30.819410" level="INFO">${descricao} = MacBook Pro Apple 14", M4 Pro, CPU 14 Núcleos, GPU 20 Núcleos, Neural Engine de 16 Núcleos, 24GB RAM, SSD 1TB, Preto-espacial - MX2J3BZ/A</msg>
<var>${descricao}</var>
<arg>xpath=//div[contains(@class, 'col-purchase')]//h1</arg>
<doc>Returns the text value of the element identified by ``locator``.</doc>
<status status="PASS" start="2025-02-19T20:55:30.811446" elapsed="0.007982"/>
</kw>
<kw name="Get Text" owner="SeleniumLibrary">
<msg time="2025-02-19T20:55:30.826211" level="INFO">${preco_pix} = R$ 19.999,99</msg>
<var>${preco_pix}</var>
<arg>xpath=//h4[contains(@class, 'finalPrice')]</arg>
<doc>Returns the text value of the element identified by ``locator``.</doc>
<status status="PASS" start="2025-02-19T20:55:30.819486" elapsed="0.006746"/>
</kw>
<kw name="Get Text" owner="SeleniumLibrary">
<msg time="2025-02-19T20:55:30.839290" level="INFO">${preco_cartao} = R$ 22.222,21</msg>
<var>${preco_cartao}</var>
<arg>xpath=//b[contains(@class, 'regularPrice')]</arg>
<doc>Returns the text value of the element identified by ``locator``.</doc>
<status status="PASS" start="2025-02-19T20:55:30.826303" elapsed="0.013009"/>
</kw>
<kw name="Run Keyword If" owner="BuiltIn">
<arg>'${descricao}' == ''</arg>
<arg>Fail</arg>
<arg>"Erro: A descrição do produto não foi capturada."</arg>
<doc>Runs the given keyword with the given arguments, if ``condition`` is true.</doc>
<status status="PASS" start="2025-02-19T20:55:30.839406" elapsed="0.000116"/>
</kw>
<kw name="Set Global Variable" owner="BuiltIn">
<msg time="2025-02-19T20:55:30.840716" level="INFO">${descricao} = MacBook Pro Apple 14", M4 Pro, CPU 14 Núcleos, GPU 20 Núcleos, Neural Engine de 16 Núcleos, 24GB RAM, SSD 1TB, Preto-espacial - MX2J3BZ/A</msg>
<arg>${descricao}</arg>
<arg>${descricao}</arg>
<doc>Makes a variable available globally in all tests and suites.</doc>
<status status="PASS" start="2025-02-19T20:55:30.839572" elapsed="0.001162"/>
</kw>
<kw name="Set Global Variable" owner="BuiltIn">
<msg time="2025-02-19T20:55:30.840836" level="INFO">${preco_pix} = R$ 19.999,99</msg>
<arg>${preco_pix}</arg>
<arg>${preco_pix}</arg>
<doc>Makes a variable available globally in all tests and suites.</doc>
<status status="PASS" start="2025-02-19T20:55:30.840774" elapsed="0.000076"/>
</kw>
<kw name="Set Global Variable" owner="BuiltIn">
<msg time="2025-02-19T20:55:30.840948" level="INFO">${preco_cartao} = R$ 22.222,21</msg>
<arg>${preco_cartao}</arg>
<arg>${preco_cartao}</arg>
<doc>Makes a variable available globally in all tests and suites.</doc>
<status status="PASS" start="2025-02-19T20:55:30.840885" elapsed="0.000077"/>
</kw>
<status status="PASS" start="2025-02-19T20:55:30.803594" elapsed="0.037394"/>
</kw>
<kw name="Digitar CEP e Validar Frete" owner="frontend_keywords">
<kw name="Wait Until Element Is Visible" owner="SeleniumLibrary">
<arg>id=inputCalcularFrete</arg>
<arg>10s</arg>
<doc>Waits until the element ``locator`` is visible.</doc>
<status status="PASS" start="2025-02-19T20:55:30.841186" elapsed="0.018821"/>
</kw>
<kw name="Wait Until Element Is Enabled" owner="SeleniumLibrary">
<arg>id=inputCalcularFrete</arg>
<arg>5s</arg>
<doc>Waits until the element ``locator`` is enabled.</doc>
<status status="PASS" start="2025-02-19T20:55:30.860092" elapsed="0.014249"/>
</kw>
<kw name="Click Element" owner="SeleniumLibrary">
<msg time="2025-02-19T20:55:30.874530" level="INFO">Clicking element 'id=inputCalcularFrete'.</msg>
<arg>id=inputCalcularFrete</arg>
<doc>Click the element identified by ``locator``.</doc>
<status status="PASS" start="2025-02-19T20:55:30.874434" elapsed="0.035498"/>
</kw>
<kw name="Clear Element Text" owner="SeleniumLibrary">
<arg>id=inputCalcularFrete</arg>
<doc>Clears the value of the text-input-element identified by ``locator``.</doc>
<status status="PASS" start="2025-02-19T20:55:30.910172" elapsed="0.049829"/>
</kw>
<kw name="Input Text" owner="SeleniumLibrary">
<msg time="2025-02-19T20:55:30.960239" level="INFO">Typing text '01001000' into text field 'id=inputCalcularFrete'.</msg>
<arg>id=inputCalcularFrete</arg>
<arg>${cep}</arg>
<doc>Types the given ``text`` into the text field identified by ``locator``.</doc>
<status status="PASS" start="2025-02-19T20:55:30.960093" elapsed="0.038332"/>
</kw>
<kw name="Esperar e Clicar" owner="common_keywords">
<kw name="Wait Until Element Is Visible" owner="SeleniumLibrary">
<arg>${locator}</arg>
<arg>10s</arg>
<doc>Waits until the element ``locator`` is visible.</doc>
<status status="PASS" start="2025-02-19T20:55:30.998672" elapsed="0.006861"/>
</kw>
<kw name="Click Element" owner="SeleniumLibrary">
<msg time="2025-02-19T20:55:31.005740" level="INFO">Clicking element 'id=botaoCalcularFrete'.</msg>
<arg>${locator}</arg>
<doc>Click the element identified by ``locator``.</doc>
<status status="PASS" start="2025-02-19T20:55:31.005630" elapsed="0.098072"/>
</kw>
<arg>id=botaoCalcularFrete</arg>
<status status="PASS" start="2025-02-19T20:55:30.998538" elapsed="0.105298"/>
</kw>
<kw name="Wait Until Element Is Visible" owner="SeleniumLibrary">
<arg>id=listaOpcoesFrete</arg>
<arg>15s</arg>
<doc>Waits until the element ``locator`` is visible.</doc>
<status status="PASS" start="2025-02-19T20:55:31.103971" elapsed="0.635130"/>
</kw>
<arg>${CEP_VALIDO}</arg>
<status status="PASS" start="2025-02-19T20:55:30.841080" elapsed="0.898137"/>
</kw>
<kw name="Fechar Tela de Frete" owner="frontend_keywords">
<kw name="Esperar e Clicar" owner="common_keywords">
<kw name="Wait Until Element Is Visible" owner="SeleniumLibrary">
<arg>${locator}</arg>
<arg>10s</arg>
<doc>Waits until the element ``locator`` is visible.</doc>
<status status="PASS" start="2025-02-19T20:55:31.740159" elapsed="0.011556"/>
</kw>
<kw name="Click Element" owner="SeleniumLibrary">
<msg time="2025-02-19T20:55:31.751996" level="INFO">Clicking element 'xpath=//div[@role='dialog']//button[@aria-label='Fechar']'.</msg>
<arg>${locator}</arg>
<doc>Click the element identified by ``locator``.</doc>
<status status="PASS" start="2025-02-19T20:55:31.751843" elapsed="0.042903"/>
</kw>
<arg>xpath=//div[@role='dialog']//button[@aria-label='Fechar']</arg>
<status status="PASS" start="2025-02-19T20:55:31.739923" elapsed="0.054901"/>
</kw>
<status status="PASS" start="2025-02-19T20:55:31.739501" elapsed="0.055351"/>
</kw>
<kw name="Clicar em Comprar" owner="frontend_keywords">
<kw name="Esperar e Clicar" owner="common_keywords">
<kw name="Wait Until Element Is Visible" owner="SeleniumLibrary">
<arg>${locator}</arg>
<arg>10s</arg>
<doc>Waits until the element ``locator`` is visible.</doc>
<status status="PASS" start="2025-02-19T20:55:31.795232" elapsed="0.007127"/>
</kw>
<kw name="Click Element" owner="SeleniumLibrary">
<msg time="2025-02-19T20:55:31.802542" level="INFO">Clicking element 'xpath=//button[contains(text(),'COMPRAR')]'.</msg>
<arg>${locator}</arg>
<doc>Click the element identified by ``locator``.</doc>
<status status="PASS" start="2025-02-19T20:55:31.802439" elapsed="0.057285"/>
</kw>
<arg>xpath=//button[contains(text(),'COMPRAR')]</arg>
<status status="PASS" start="2025-02-19T20:55:31.795120" elapsed="0.064674"/>
</kw>
<status status="PASS" start="2025-02-19T20:55:31.794979" elapsed="0.064841"/>
</kw>
<kw name="Selecionar Garantia Estendida" owner="frontend_keywords">
<kw name="Esperar e Clicar" owner="common_keywords">
<kw name="Wait Until Element Is Visible" owner="SeleniumLibrary">
<arg>${locator}</arg>
<arg>10s</arg>
<doc>Waits until the element ``locator`` is visible.</doc>
<status status="PASS" start="2025-02-19T20:55:31.860889" elapsed="1.730468"/>
</kw>
<kw name="Click Element" owner="SeleniumLibrary">
<msg time="2025-02-19T20:55:33.591598" level="INFO">Clicking element 'xpath=//span[contains(text(),'12 Meses de garantia')]/parent::div/parent::div/preceding-sibling::input'.</msg>
<arg>${locator}</arg>
<doc>Click the element identified by ``locator``.</doc>
<status status="PASS" start="2025-02-19T20:55:33.591473" elapsed="0.039157"/>
</kw>
<arg>xpath=//span[contains(text(),'12 Meses de garantia')]/parent::div/parent::div/preceding-sibling::input</arg>
<status status="PASS" start="2025-02-19T20:55:31.860683" elapsed="1.770006"/>
</kw>
<status status="PASS" start="2025-02-19T20:55:31.860011" elapsed="1.770702"/>
</kw>
<kw name="Capturar Valores dos Serviços" owner="frontend_keywords">
<kw name="Wait Until Element Is Visible" owner="SeleniumLibrary">
<arg>xpath=//span[contains(text(),'Valor total dos serviços:')]/following-sibling::strong</arg>
<arg>10s</arg>
<doc>Waits until the element ``locator`` is visible.</doc>
<status status="PASS" start="2025-02-19T20:55:33.630969" elapsed="0.010908"/>
</kw>
<kw name="Get Text" owner="SeleniumLibrary">
<msg time="2025-02-19T20:55:33.647886" level="INFO">${total_servicos} = R$ 7.865,08</msg>
<var>${total_servicos}</var>
<arg>xpath=//span[contains(text(),'Valor total dos serviços:')]/following-sibling::strong</arg>
<doc>Returns the text value of the element identified by ``locator``.</doc>
<status status="PASS" start="2025-02-19T20:55:33.641960" elapsed="0.005945"/>
</kw>
<kw name="Strip String" owner="String">
<msg time="2025-02-19T20:55:33.648049" level="INFO">${total_servicos} = R$ 7.865,08</msg>
<var>${total_servicos}</var>
<arg>${total_servicos}</arg>
<doc>Remove leading and/or trailing whitespaces from the given string.</doc>
<status status="PASS" start="2025-02-19T20:55:33.647976" elapsed="0.000082"/>
</kw>
<kw name="Replace String" owner="String">
<msg time="2025-02-19T20:55:33.648339" level="INFO">${total_servicos} =  7.865,08</msg>
<var>${total_servicos}</var>
<arg>${total_servicos}</arg>
<arg>R$</arg>
<arg>${EMPTY}</arg>
<doc>Replaces ``search_for`` in the given ``string`` with ``replace_with``.</doc>
<status status="PASS" start="2025-02-19T20:55:33.648096" elapsed="0.000253"/>
</kw>
<kw name="Replace String" owner="String">
<msg time="2025-02-19T20:55:33.648557" level="INFO">${total_servicos} =  7865,08</msg>
<var>${total_servicos}</var>
<arg>${total_servicos}</arg>
<arg>.</arg>
<arg>${EMPTY}</arg>
<doc>Replaces ``search_for`` in the given ``string`` with ``replace_with``.</doc>
<status status="PASS" start="2025-02-19T20:55:33.648386" elapsed="0.000180"/>
</kw>
<kw name="Replace String" owner="String">
<msg time="2025-02-19T20:55:33.648653" level="INFO">${total_servicos} =  7865.08</msg>
<var>${total_servicos}</var>
<arg>${total_servicos}</arg>
<arg>,</arg>
<arg>.</arg>
<doc>Replaces ``search_for`` in the given ``string`` with ``replace_with``.</doc>
<status status="PASS" start="2025-02-19T20:55:33.648602" elapsed="0.000060"/>
</kw>
<kw name="Convert To Number" owner="BuiltIn">
<msg time="2025-02-19T20:55:33.648766" level="INFO">${total_servicos} = 7865.08</msg>
<var>${total_servicos}</var>
<arg>${total_servicos}</arg>
<doc>Converts the given item to a floating point number.</doc>
<status status="PASS" start="2025-02-19T20:55:33.648706" elapsed="0.000068"/>
</kw>
<kw name="Set Global Variable" owner="BuiltIn">
<msg time="2025-02-19T20:55:33.648880" level="INFO">${total_servicos} = 7865.08</msg>
<arg>${total_servicos}</arg>
<doc>Makes a variable available globally in all tests and suites.</doc>
<status status="PASS" start="2025-02-19T20:55:33.648812" elapsed="0.000081"/>
</kw>
<status status="PASS" start="2025-02-19T20:55:33.630834" elapsed="0.018082"/>
</kw>
<kw name="Ir para o Carrinho" owner="frontend_keywords">
<kw name="Esperar e Clicar" owner="common_keywords">
<kw name="Wait Until Element Is Visible" owner="SeleniumLibrary">
<arg>${locator}</arg>
<arg>10s</arg>
<doc>Waits until the element ``locator`` is visible.</doc>
<status status="PASS" start="2025-02-19T20:55:33.649192" elapsed="0.006856"/>
</kw>
<kw name="Click Element" owner="SeleniumLibrary">
<msg time="2025-02-19T20:55:33.656205" level="INFO">Clicking element 'xpath=//button[span[contains(text(),'Adicionar serviços')]]'.</msg>
<arg>${locator}</arg>
<doc>Click the element identified by ``locator``.</doc>
<status status="PASS" start="2025-02-19T20:55:33.656124" elapsed="2.111758"/>
</kw>
<arg>xpath=//button[span[contains(text(),'Adicionar serviços')]]</arg>
<status status="PASS" start="2025-02-19T20:55:33.649096" elapsed="2.118857"/>
</kw>
<status status="PASS" start="2025-02-19T20:55:33.649003" elapsed="2.118982"/>
</kw>
<kw name="Validar Produto no Carrinho" owner="frontend_keywords">
<kw name="Wait Until Element Is Visible" owner="SeleniumLibrary">
<arg>xpath=//a[contains(@class, 'productName') and contains(@class, 'productLink')]</arg>
<arg>10s</arg>
<doc>Waits until the element ``locator`` is visible.</doc>
<status status="PASS" start="2025-02-19T20:55:35.768299" elapsed="0.016254"/>
</kw>
<kw name="Get Text" owner="SeleniumLibrary">
<msg time="2025-02-19T20:55:35.791381" level="INFO">${descricao_carrinho} = MacBook Pro Apple 14", M4 Pro, CPU 14 Núcleos, GPU 20 Núcleos, Neural Engine de 16 Núcleos, 24GB RAM, SSD 1TB, Preto-espacial - MX2J3BZ/A</msg>
<var>${descricao_carrinho}</var>
<arg>xpath=//a[contains(@class, 'productName') and contains(@class, 'productLink')]</arg>
<doc>Returns the text value of the element identified by ``locator``.</doc>
<status status="PASS" start="2025-02-19T20:55:35.784653" elapsed="0.006755"/>
</kw>
<kw name="Get Text" owner="SeleniumLibrary">
<msg time="2025-02-19T20:55:35.799618" level="INFO">${preco_pix_carrinho} = R$ 19.999,99</msg>
<var>${preco_pix_carrinho}</var>
<arg>xpath=//div[contains(@class, 'InCashPrice-styles__Container')]//p[contains(@class, 'InCashPrice-styles__Price')]</arg>
<doc>Returns the text value of the element identified by ``locator``.</doc>
<status status="PASS" start="2025-02-19T20:55:35.791504" elapsed="0.008136"/>
</kw>
<kw name="Get Text" owner="SeleniumLibrary">
<msg time="2025-02-19T20:55:35.808083" level="INFO">${preco_cartao_carrinho} = R$ 22.222,21</msg>
<var>${preco_cartao_carrinho}</var>
<arg>xpath=//div[@id='valorDosProdutos']/b</arg>
<doc>Returns the text value of the element identified by ``locator``.</doc>
<status status="PASS" start="2025-02-19T20:55:35.799724" elapsed="0.008379"/>
</kw>
<kw name="Should Be Equal As Strings" owner="BuiltIn">
<arg>${descricao}</arg>
<arg>${descricao_carrinho}</arg>
<doc>Fails if objects are unequal after converting them to strings.</doc>
<status status="PASS" start="2025-02-19T20:55:35.808221" elapsed="0.000106"/>
</kw>
<kw name="Should Be Equal As Strings" owner="BuiltIn">
<arg>${preco_pix}</arg>
<arg>${preco_pix_carrinho}</arg>
<doc>Fails if objects are unequal after converting them to strings.</doc>
<status status="PASS" start="2025-02-19T20:55:35.808369" elapsed="0.000064"/>
</kw>
<kw name="Should Be Equal As Strings" owner="BuiltIn">
<arg>${preco_cartao}</arg>
<arg>${preco_cartao_carrinho}</arg>
<doc>Fails if objects are unequal after converting them to strings.</doc>
<status status="PASS" start="2025-02-19T20:55:35.808469" elapsed="0.000055"/>
</kw>
<status status="PASS" start="2025-02-19T20:55:35.768138" elapsed="0.040413"/>
</kw>
<kw name="Validar Serviços no Carrinho" owner="frontend_keywords">
<kw name="Wait Until Element Is Visible" owner="SeleniumLibrary">
<arg>xpath=//div[@id='servicosAdicionais']/b</arg>
<arg>10s</arg>
<doc>Waits until the element ``locator`` is visible.</doc>
<status status="PASS" start="2025-02-19T20:55:35.808737" elapsed="0.007038"/>
</kw>
<kw name="Get Text" owner="SeleniumLibrary">
<msg time="2025-02-19T20:55:35.821102" level="INFO">${total_servicos_carrinho} = R$ 7.865,08</msg>
<var>${total_servicos_carrinho}</var>
<arg>xpath=//div[@id='servicosAdicionais']/b</arg>
<doc>Returns the text value of the element identified by ``locator``.</doc>
<status status="PASS" start="2025-02-19T20:55:35.815855" elapsed="0.005267"/>
</kw>
<kw name="Strip String" owner="String">
<msg time="2025-02-19T20:55:35.821269" level="INFO">${total_servicos_carrinho} = R$ 7.865,08</msg>
<var>${total_servicos_carrinho}</var>
<arg>${total_servicos_carrinho}</arg>
<doc>Remove leading and/or trailing whitespaces from the given string.</doc>
<status status="PASS" start="2025-02-19T20:55:35.821188" elapsed="0.000091"/>
</kw>
<kw name="Replace String" owner="String">
<msg time="2025-02-19T20:55:35.821566" level="INFO">${total_servicos_carrinho} =  7.865,08</msg>
<var>${total_servicos_carrinho}</var>
<arg>${total_servicos_carrinho}</arg>
<arg>R$</arg>
<arg>${EMPTY}</arg>
<doc>Replaces ``search_for`` in the given ``string`` with ``replace_with``.</doc>
<status status="PASS" start="2025-02-19T20:55:35.821362" elapsed="0.000214"/>
</kw>
<kw name="Replace String" owner="String">
<msg time="2025-02-19T20:55:35.821779" level="INFO">${total_servicos_carrinho} =  7865,08</msg>
<var>${total_servicos_carrinho}</var>
<arg>${total_servicos_carrinho}</arg>
<arg>.</arg>
<arg>${EMPTY}</arg>
<doc>Replaces ``search_for`` in the given ``string`` with ``replace_with``.</doc>
<status status="PASS" start="2025-02-19T20:55:35.821615" elapsed="0.000173"/>
</kw>
<kw name="Replace String" owner="String">
<msg time="2025-02-19T20:55:35.821877" level="INFO">${total_servicos_carrinho} =  7865.08</msg>
<var>${total_servicos_carrinho}</var>
<arg>${total_servicos_carrinho}</arg>
<arg>,</arg>
<arg>.</arg>
<doc>Replaces ``search_for`` in the given ``string`` with ``replace_with``.</doc>
<status status="PASS" start="2025-02-19T20:55:35.821824" elapsed="0.000061"/>
</kw>
<kw name="Convert To Number" owner="BuiltIn">
<msg time="2025-02-19T20:55:35.821980" level="INFO">${total_servicos_carrinho} = 7865.08</msg>
<var>${total_servicos_carrinho}</var>
<arg>${total_servicos_carrinho}</arg>
<doc>Converts the given item to a floating point number.</doc>
<status status="PASS" start="2025-02-19T20:55:35.821921" elapsed="0.000067"/>
</kw>
<kw name="Should Be Equal As Numbers" owner="BuiltIn">
<arg>${total_servicos}</arg>
<arg>${total_servicos_carrinho}</arg>
<doc>Fails if objects are unequal after converting them to real numbers.</doc>
<status status="PASS" start="2025-02-19T20:55:35.822023" elapsed="0.000057"/>
</kw>
<status status="PASS" start="2025-02-19T20:55:35.808642" elapsed="0.013462"/>
</kw>
<kw name="Exibir Resumo Final" owner="frontend_keywords">
<kw name="Log To Console" owner="BuiltIn">
<arg>"\n"</arg>
<doc>Logs the given message to the console.</doc>
<status status="PASS" start="2025-02-19T20:55:35.822282" elapsed="0.000050"/>
</kw>
<kw name="Log To Console" owner="BuiltIn">
<arg>"==============================================="</arg>
<doc>Logs the given message to the console.</doc>
<status status="PASS" start="2025-02-19T20:55:35.822370" elapsed="0.000045"/>
</kw>
<kw name="Log To Console" owner="BuiltIn">
<arg>"-------------RESUMO FINAL DA COMPRA------------"</arg>
<doc>Logs the given message to the console.</doc>
<status status="PASS" start="2025-02-19T20:55:35.822451" elapsed="0.000038"/>
</kw>
<kw name="Log To Console" owner="BuiltIn">
<arg>"==============================================="</arg>
<doc>Logs the given message to the console.</doc>
<status status="PASS" start="2025-02-19T20:55:35.822528" elapsed="0.000040"/>
</kw>
<kw name="Log To Console" owner="BuiltIn">
<arg>Produto Selecionado:\n ${descricao}</arg>
<doc>Logs the given message to the console.</doc>
<status status="PASS" start="2025-02-19T20:55:35.822603" elapsed="0.000052"/>
</kw>
<kw name="Log To Console" owner="BuiltIn">
<arg>Valor no PIX: &gt;&gt;&gt; ${preco_pix}</arg>
<doc>Logs the given message to the console.</doc>
<status status="PASS" start="2025-02-19T20:55:35.822687" elapsed="0.000048"/>
</kw>
<kw name="Log To Console" owner="BuiltIn">
<arg>Valor no Cartão: &gt;&gt;&gt; ${preco_cartao}</arg>
<doc>Logs the given message to the console.</doc>
<status status="PASS" start="2025-02-19T20:55:35.822774" elapsed="0.000046"/>
</kw>
<kw name="Log To Console" owner="BuiltIn">
<arg>Valor total dos Serviços: &gt;&gt;&gt; ${total_servicos}</arg>
<doc>Logs the given message to the console.</doc>
<status status="PASS" start="2025-02-19T20:55:35.822856" elapsed="0.000047"/>
</kw>
<status status="PASS" start="2025-02-19T20:55:35.822191" elapsed="0.000733"/>
</kw>
<status status="PASS" start="2025-02-19T20:55:09.786235" elapsed="26.036757"/>
</test>
<status status="PASS" start="2025-02-19T20:55:09.768311" elapsed="26.054829"/>
</suite>
<status status="PASS" start="2025-02-19T20:55:07.981028" elapsed="27.842313"/>
</suite>
<statistics>
<total>
<stat pass="5" fail="0" skip="0">All Tests</stat>
</total>
<tag>
</tag>
<suite>
<stat name="Tests" id="s1" pass="5" fail="0" skip="0">Tests</stat>
<stat name="Backend" id="s1-s1" pass="4" fail="0" skip="0">Tests.Backend</stat>
<stat name="Frontend" id="s1-s2" pass="1" fail="0" skip="0">Tests.Frontend</stat>
</suite>
</statistics>
<errors>
</errors>
</robot>
